#
# A fatal error has been detected by the Java Runtime Environment:
#
#  SIGSEGV (0xb) at pc=0x00007ff81b6af33f, pid=35688, tid=0x0000000000001a03
#
# JRE version: Java(TM) SE Runtime Environment (8.0_102-b14) (build 1.8.0_102-b14)
# Java VM: Java HotSpot(TM) 64-Bit Server VM (25.102-b14 mixed mode bsd-amd64 compressed oops)
# Problematic frame:
# C  [libobjc.A.dylib+0x933f]  objc_release+0x1f
#
# Failed to write core dump. Core dumps have been disabled. To enable core dumping, try "ulimit -c unlimited" before starting Java again
#
# If you would like to submit a bug report, please visit:
#   http://bugreport.java.com/bugreport/crash.jsp
# The crash happened outside the Java Virtual Machine in native code.
# See problematic frame for where to report the bug.
#

---------------  T H R E A D  ---------------

Current thread (0x00007febd7009000):  JavaThread "Client thread" [_thread_in_native, id=6659, stack(0x0000000304bae000,0x0000000304cae000)]

siginfo: si_signo: 11 (SIGSEGV), si_code: 1 (SEGV_MAPERR), si_addr: 0x000017cf232d9820

Registers:
RAX=0x000097cf232d9800, RBX=0x0000000000000001, RCX=0x000017cf232d9800, RDX=0x0000000000000003
RSP=0x0000000304cabf18, RBP=0x0000000304cabf50, RSI=0x00007ff835ee336d, RDI=0x0000600000069800
R8 =0x0000000000000020, R9 =0x00007febd5043a00, R10=0x000000012c841c68, R11=0x00007ff81e2081c4
R12=0x0000600000069800, R13=0xa3a3a3a3a3a3a3a3, R14=0x00007febd600d070, R15=0x00007febd600d000
RIP=0x00007ff81b6af33f, EFLAGS=0x0000000000000246, ERR=0x0000000000000004
  TRAPNO=0x000000000000000e

Top of Stack: (sp=0x0000000304cabf18)
0x0000000304cabf18:   00007ff81b6b33da 301a87ea59c600ad
0x0000000304cabf28:   00007febd600d000 0000000000000000
0x0000000304cabf38:   000000012d006750 00007ff835ee336d
0x0000000304cabf48:   00006000000ff120 0000000304cabf70
0x0000000304cabf58:   00007ff81b6b025f 301a87ea59c600ad
0x0000000304cabf68:   00007febd600d070 0000000304cabf90
0x0000000304cabf78:   00007ff81b8a1822 301a87ea59c600ad
0x0000000304cabf88:   000000012d006758 0000000304cabfd0
0x0000000304cabf98:   00007ff81c627d21 0000000304cabfd0
0x0000000304cabfa8:   000000012c819e0f 301a87ea59c600ad
0x0000000304cabfb8:   000000012d006758 0000000304cac058
0x0000000304cabfc8:   00007febd7009000 0000000304cac030
0x0000000304cabfd8:   000000010b8ef6c4 000000010b901323
0x0000000304cabfe8:   000000010b8ef142 0000000304cabff0
0x0000000304cabff8:   000000012d006750 0000000304cac058
0x0000000304cac008:   000000012d006d18 0000000000000000
0x0000000304cac018:   000000012d006758 0000000000000000
0x0000000304cac028:   0000000304cac050 0000000304cac0a0
0x0000000304cac038:   000000010b8d833d 000000076b677f60
0x0000000304cac048:   000000010b8e6478 000000076b823da8
0x0000000304cac058:   000000078545e9d0 0000000304cac060
0x0000000304cac068:   000000012d006657 0000000304cac0d0
0x0000000304cac078:   000000012d006d18 0000000000000000
0x0000000304cac088:   000000012d0066c8 0000000304cac050
0x0000000304cac098:   0000000304cac0c0 0000000304cac128
0x0000000304cac0a8:   000000010b8d8382 0000000000000000
0x0000000304cac0b8:   000000078545e9d0 000000076b823da8
0x0000000304cac0c8:   000000078545e9a8 000000076b67aa88
0x0000000304cac0d8:   000000010b8e9387 000000076b67aa98
0x0000000304cac0e8:   0000000304cac0d8 000000012d003fc6
0x0000000304cac0f8:   0000000304cac138 000000012d004ee0
0x0000000304cac108:   0000000000000000 000000012d003ff8 

Instructions: (pc=0x00007ff81b6af33f)
0x00007ff81b6af31f:   c3 48 85 ff 74 76 89 f8 83 e0 01 48 85 c0 75 6c
0x00007ff81b6af32f:   48 8b 07 48 b9 f8 ff ff ff ff 7f 00 00 48 21 c1
0x00007ff81b6af33f:   48 8b 51 20 f6 c2 04 74 54 a8 01 74 72 48 b9 00
0x00007ff81b6af34f:   00 00 00 00 00 80 00 48 ba 00 00 00 00 00 00 00 

Register to memory mapping:

RAX=0x000097cf232d9800 is an unknown value
RBX=0x0000000000000001 is an unknown value
RCX=0x000017cf232d9800 is an unknown value
RDX=0x0000000000000003 is an unknown value
RSP=0x0000000304cabf18 is pointing into the stack for thread: 0x00007febd7009000
RBP=0x0000000304cabf50 is pointing into the stack for thread: 0x00007febd7009000
RSI=0x00007ff835ee336d: <offset 0x1a83d36d> in /usr/lib/libobjc.A.dylib at 0x00007ff81b6a6000
RDI=0x0000600000069800 is an unknown value
R8 =0x0000000000000020 is an unknown value
R9 =0x00007febd5043a00 is an unknown value
R10=0x000000012c841c68: OBJC_CLASS_$_MacOSXOpenGLView+0 in /Users/jellylab/.gradle/caches/minecraft/net/minecraft/natives/1.8.9/liblwjgl.dylib at 0x000000012c804000
R11=0x00007ff81e2081c4: -[NSResponder release]+0 in /System/Library/Frameworks/AppKit.framework/Versions/C/AppKit at 0x00007ff81e1fd000
R12=0x0000600000069800 is an unknown value
R13=0xa3a3a3a3a3a3a3a3 is an unknown value
R14=0x00007febd600d070 is an unknown value
R15=0x00007febd600d000 is an unknown value


Stack: [0x0000000304bae000,0x0000000304cae000],  sp=0x0000000304cabf18,  free space=1015k
Native frames: (J=compiled Java code, j=interpreted, Vv=VM code, C=native code)
C  [libobjc.A.dylib+0x933f]  objc_release+0x1f
C  [libobjc.A.dylib+0xa25f]  objc_autoreleasePoolPop+0xa8
C  [CoreFoundation+0x41822]  _CFAutoreleasePoolPop+0x16
C  [Foundation+0x1ed21]  -[NSAutoreleasePool release]+0x85
j  org.lwjgl.opengl.MacOSXContextImplementation.setView(Ljava/nio/ByteBuffer;Ljava/nio/ByteBuffer;)V+0
j  org.lwjgl.opengl.MacOSXContextImplementation.makeCurrent(Lorg/lwjgl/opengl/PeerInfo;Ljava/nio/ByteBuffer;)V+7
j  org.lwjgl.opengl.ContextGL.makeCurrent()V+46
j  org.lwjgl.opengl.DrawableGL.makeCurrent()V+14
j  org.lwjgl.opengl.Display.makeCurrent()V+3
j  org.lwjgl.opengl.Display.makeCurrentAndSetSwapInterval()V+0
j  org.lwjgl.opengl.Display.create(Lorg/lwjgl/opengl/PixelFormat;Lorg/lwjgl/opengl/Drawable;Lorg/lwjgl/opengl/ContextAttribs;)V+110
j  org.lwjgl.opengl.Display.create(Lorg/lwjgl/opengl/PixelFormat;)V+12
j  net.minecraft.client.Minecraft.createDisplay()V+22
j  net.minecraft.client.Minecraft.startGame()V+130
j  net.minecraft.client.Minecraft.run()V+6
j  net.minecraft.client.main.Main.main([Ljava/lang/String;)V+1068
v  ~StubRoutines::call_stub
V  [libjvm.dylib+0x2ed5e2]
V  [libjvm.dylib+0x4d1f7c]
V  [libjvm.dylib+0x4d24b0]
V  [libjvm.dylib+0x3459ec]
j  sun.reflect.NativeMethodAccessorImpl.invoke0(Ljava/lang/reflect/Method;Ljava/lang/Object;[Ljava/lang/Object;)Ljava/lang/Object;+0
j  sun.reflect.NativeMethodAccessorImpl.invoke(Ljava/lang/Object;[Ljava/lang/Object;)Ljava/lang/Object;+100
J 1578 C1 sun.reflect.DelegatingMethodAccessorImpl.invoke(Ljava/lang/Object;[Ljava/lang/Object;)Ljava/lang/Object; (10 bytes) @ 0x000000010be84aac [0x000000010be84980+0x12c]
J 1577 C1 java.lang.reflect.Method.invoke(Ljava/lang/Object;[Ljava/lang/Object;)Ljava/lang/Object; (62 bytes) @ 0x000000010be8528c [0x000000010be84e60+0x42c]
j  net.minecraft.launchwrapper.Launch.launch([Ljava/lang/String;)V+661
j  net.minecraft.launchwrapper.Launch.main([Ljava/lang/String;)V+8
v  ~StubRoutines::call_stub
V  [libjvm.dylib+0x2ed5e2]
V  [libjvm.dylib+0x4d1f7c]
V  [libjvm.dylib+0x4d24b0]
V  [libjvm.dylib+0x3459ec]
j  sun.reflect.NativeMethodAccessorImpl.invoke0(Ljava/lang/reflect/Method;Ljava/lang/Object;[Ljava/lang/Object;)Ljava/lang/Object;+0
j  sun.reflect.NativeMethodAccessorImpl.invoke(Ljava/lang/Object;[Ljava/lang/Object;)Ljava/lang/Object;+100
j  sun.reflect.DelegatingMethodAccessorImpl.invoke(Ljava/lang/Object;[Ljava/lang/Object;)Ljava/lang/Object;+6
j  java.lang.reflect.Method.invoke(Ljava/lang/Object;[Ljava/lang/Object;)Ljava/lang/Object;+56
j  net.minecraftforge.gradle.GradleStartCommon.launch([Ljava/lang/String;)V+169
j  GradleStart.main([Ljava/lang/String;)V+11
v  ~StubRoutines::call_stub
V  [libjvm.dylib+0x2ed5e2]
V  [libjvm.dylib+0x3243da]
V  [libjvm.dylib+0x31d151]
C  [java+0x3931]  JavaMain+0x9c4
C  [libsystem_pthread.dylib+0x64e1]  _pthread_start+0x7d
C  [libsystem_pthread.dylib+0x1f6b]  thread_start+0xf
C  0x0000000000000000

Java frames: (J=compiled Java code, j=interpreted, Vv=VM code)
j  org.lwjgl.opengl.MacOSXContextImplementation.setView(Ljava/nio/ByteBuffer;Ljava/nio/ByteBuffer;)V+0
j  org.lwjgl.opengl.MacOSXContextImplementation.makeCurrent(Lorg/lwjgl/opengl/PeerInfo;Ljava/nio/ByteBuffer;)V+7
j  org.lwjgl.opengl.ContextGL.makeCurrent()V+46
j  org.lwjgl.opengl.DrawableGL.makeCurrent()V+14
j  org.lwjgl.opengl.Display.makeCurrent()V+3
j  org.lwjgl.opengl.Display.makeCurrentAndSetSwapInterval()V+0
j  org.lwjgl.opengl.Display.create(Lorg/lwjgl/opengl/PixelFormat;Lorg/lwjgl/opengl/Drawable;Lorg/lwjgl/opengl/ContextAttribs;)V+110
j  org.lwjgl.opengl.Display.create(Lorg/lwjgl/opengl/PixelFormat;)V+12
j  net.minecraft.client.Minecraft.createDisplay()V+22
j  net.minecraft.client.Minecraft.startGame()V+130
j  net.minecraft.client.Minecraft.run()V+6
j  net.minecraft.client.main.Main.main([Ljava/lang/String;)V+1068
v  ~StubRoutines::call_stub
j  sun.reflect.NativeMethodAccessorImpl.invoke0(Ljava/lang/reflect/Method;Ljava/lang/Object;[Ljava/lang/Object;)Ljava/lang/Object;+0
j  sun.reflect.NativeMethodAccessorImpl.invoke(Ljava/lang/Object;[Ljava/lang/Object;)Ljava/lang/Object;+100
J 1578 C1 sun.reflect.DelegatingMethodAccessorImpl.invoke(Ljava/lang/Object;[Ljava/lang/Object;)Ljava/lang/Object; (10 bytes) @ 0x000000010be84aac [0x000000010be84980+0x12c]
J 1577 C1 java.lang.reflect.Method.invoke(Ljava/lang/Object;[Ljava/lang/Object;)Ljava/lang/Object; (62 bytes) @ 0x000000010be8528c [0x000000010be84e60+0x42c]
j  net.minecraft.launchwrapper.Launch.launch([Ljava/lang/String;)V+661
j  net.minecraft.launchwrapper.Launch.main([Ljava/lang/String;)V+8
v  ~StubRoutines::call_stub
j  sun.reflect.NativeMethodAccessorImpl.invoke0(Ljava/lang/reflect/Method;Ljava/lang/Object;[Ljava/lang/Object;)Ljava/lang/Object;+0
j  sun.reflect.NativeMethodAccessorImpl.invoke(Ljava/lang/Object;[Ljava/lang/Object;)Ljava/lang/Object;+100
j  sun.reflect.DelegatingMethodAccessorImpl.invoke(Ljava/lang/Object;[Ljava/lang/Object;)Ljava/lang/Object;+6
j  java.lang.reflect.Method.invoke(Ljava/lang/Object;[Ljava/lang/Object;)Ljava/lang/Object;+56
j  net.minecraftforge.gradle.GradleStartCommon.launch([Ljava/lang/String;)V+169
j  GradleStart.main([Ljava/lang/String;)V+11
v  ~StubRoutines::call_stub

---------------  P R O C E S S  ---------------

Java Threads: ( => current thread )
  0x00007febd6352800 JavaThread "AWT-Shutdown" [_thread_blocked, id=44103, stack(0x000000030668f000,0x000000030678f000)]
  0x00007febd62d3800 JavaThread "Timer hack thread" daemon [_thread_blocked, id=76823, stack(0x000000030658c000,0x000000030668c000)]
  0x00007feb948da800 JavaThread "Snooper Timer" daemon [_thread_blocked, id=71515, stack(0x0000000306b38000,0x0000000306c38000)]
  0x00007feb632c7800 JavaThread "Snooper Timer" daemon [_thread_blocked, id=30731, stack(0x0000000306a35000,0x0000000306b35000)]
  0x00007febd49b9000 JavaThread "AppKit Thread" daemon [_thread_in_native, id=259, stack(0x000000030432a000,0x0000000304b2a000)]
  0x00007febd6983000 JavaThread "Service Thread" daemon [_thread_blocked, id=40963, stack(0x0000000306386000,0x0000000306486000)]
  0x00007feb85008800 JavaThread "C1 CompilerThread3" daemon [_thread_blocked, id=25091, stack(0x0000000306283000,0x0000000306383000)]
  0x00007febd489b000 JavaThread "C2 CompilerThread2" daemon [_thread_blocked, id=24835, stack(0x0000000306180000,0x0000000306280000)]
  0x00007febb4862800 JavaThread "C2 CompilerThread1" daemon [_thread_in_native, id=24067, stack(0x000000030607d000,0x000000030617d000)]
  0x00007febb4861800 JavaThread "C2 CompilerThread0" daemon [_thread_blocked, id=23843, stack(0x0000000305f7a000,0x000000030607a000)]
  0x00007febd5856000 JavaThread "Coroutines Debugger Cleaner" daemon [_thread_blocked, id=23111, stack(0x0000000305e77000,0x0000000305f77000)]
  0x00007febd6035000 JavaThread "JDWP Command Reader" daemon [_thread_in_native, id=22787, stack(0x0000000305d74000,0x0000000305e74000)]
  0x00007febd5819000 JavaThread "JDWP Event Helper Thread" daemon [_thread_blocked, id=43011, stack(0x0000000305c71000,0x0000000305d71000)]
  0x00007febd6034000 JavaThread "JDWP Transport Listener: dt_socket" daemon [_thread_blocked, id=22287, stack(0x0000000305b6e000,0x0000000305c6e000)]
  0x00007febd481f000 JavaThread "Signal Dispatcher" daemon [_thread_blocked, id=21763, stack(0x0000000305a6b000,0x0000000305b6b000)]
  0x00007febd580f000 JavaThread "Finalizer" daemon [_thread_blocked, id=15135, stack(0x00000003057d2000,0x00000003058d2000)]
  0x00007febd481b800 JavaThread "Reference Handler" daemon [_thread_blocked, id=14883, stack(0x00000003056cf000,0x00000003057cf000)]
=>0x00007febd7009000 JavaThread "Client thread" [_thread_in_native, id=6659, stack(0x0000000304bae000,0x0000000304cae000)]

Other Threads:
  0x00007febc4847000 VMThread [stack: 0x00000003055cc000,0x00000003056cc000] [id=14339]
  0x00007febd708e800 WatcherThread [stack: 0x0000000306489000,0x0000000306589000] [id=40455]

VM state:not at safepoint (normal execution)

VM Mutex/Monitor currently owned by a thread: None

Heap:
 PSYoungGen      total 471040K, used 40876K [0x000000076ab00000, 0x0000000793a00000, 0x00000007c0000000)
  eden space 434688K, 3% used [0x000000076ab00000,0x000000076bbbaf60,0x0000000785380000)
  from space 36352K, 65% used [0x0000000785380000,0x0000000786ab0250,0x0000000787700000)
  to   space 36864K, 0% used [0x0000000791600000,0x0000000791600000,0x0000000793a00000)
 ParOldGen       total 134656K, used 74277K [0x00000006c0000000, 0x00000006c8380000, 0x000000076ab00000)
  object space 134656K, 55% used [0x00000006c0000000,0x00000006c4889758,0x00000006c8380000)
 Metaspace       used 29677K, capacity 30010K, committed 30336K, reserved 1075200K
  class space    used 3737K, capacity 3843K, committed 3968K, reserved 1048576K

Card table byte_map: [0x00000001090d7000,0x00000001098d8000] byte_map_base: 0x0000000105ad7000

Marking Bits: (ParMarkBitMap*) 0x000000010a337d20
 Begin Bits: [0x000000011ae26000, 0x000000011ee26000)
 End Bits:   [0x000000011ee26000, 0x0000000122e26000)

Polling page: 0x0000000108ae7000

CodeCache: size=245760Kb used=15617Kb max_used=17038Kb free=230142Kb
 bounds [0x000000010b8d0000, 0x000000010c9d0000, 0x000000011a8d0000]
 total_blobs=3858 nmethods=3359 adapters=421
 compilation: enabled

Compilation events (10 events):
Event: 14.603 Thread 0x00007feb85008800 4154       3       java.lang.reflect.Modifier::isFinal (13 bytes)
Event: 14.603 Thread 0x00007feb85008800 nmethod 4154 0x000000010bf443d0 code [0x000000010bf44540, 0x000000010bf446d0]
Event: 14.604 Thread 0x00007feb85008800 4155       3       java.lang.reflect.Field::setFieldAccessor (34 bytes)
Event: 14.604 Thread 0x00007feb85008800 nmethod 4155 0x000000010c0ffb50 code [0x000000010c0ffce0, 0x000000010c1000a8]
Event: 14.606 Thread 0x00007feb85008800 4156       3       java.lang.reflect.AccessibleObject::setAccessible (21 bytes)
Event: 14.607 Thread 0x00007feb85008800 nmethod 4156 0x000000010bb3fd90 code [0x000000010bb3ff20, 0x000000010bb40238]
Event: 14.607 Thread 0x00007feb85008800 4157       3       java.util.concurrent.locks.AbstractQueuedSynchronizer::setState (6 bytes)
Event: 14.607 Thread 0x00007feb85008800 nmethod 4157 0x000000010c64f1d0 code [0x000000010c64f320, 0x000000010c64f470]
Event: 14.617 Thread 0x00007febb4861800 4158       4       java.util.Formatter$Conversion::isValid (47 bytes)
Event: 14.618 Thread 0x00007febb4861800 nmethod 4158 0x000000010c122ad0 code [0x000000010c122e20, 0x000000010c122ec8]

GC Heap History (10 events):
Event: 8.483 GC heap before
{Heap before GC invocations=11 (full 2):
 PSYoungGen      total 250880K, used 13280K [0x000000076ab00000, 0x0000000789400000, 0x00000007c0000000)
  eden space 223232K, 0% used [0x000000076ab00000,0x000000076ab00000,0x0000000778500000)
  from space 27648K, 48% used [0x0000000778500000,0x00000007791f8088,0x000000077a000000)
  to   space 27136K, 0% used [0x0000000787980000,0x0000000787980000,0x0000000789400000)
 ParOldGen       total 175104K, used 51087K [0x00000006c0000000, 0x00000006cab00000, 0x000000076ab00000)
  object space 175104K, 29% used [0x00000006c0000000,0x00000006c31e3c28,0x00000006cab00000)
 Metaspace       used 20893K, capacity 21102K, committed 21248K, reserved 1069056K
  class space    used 2406K, capacity 2495K, committed 2560K, reserved 1048576K
Event: 8.544 GC heap after
Heap after GC invocations=11 (full 2):
 PSYoungGen      total 250880K, used 0K [0x000000076ab00000, 0x0000000789400000, 0x00000007c0000000)
  eden space 223232K, 0% used [0x000000076ab00000,0x000000076ab00000,0x0000000778500000)
  from space 27648K, 0% used [0x0000000778500000,0x0000000778500000,0x000000077a000000)
  to   space 27136K, 0% used [0x0000000787980000,0x0000000787980000,0x0000000789400000)
 ParOldGen       total 134656K, used 36405K [0x00000006c0000000, 0x00000006c8380000, 0x000000076ab00000)
  object space 134656K, 27% used [0x00000006c0000000,0x00000006c238d748,0x00000006c8380000)
 Metaspace       used 20893K, capacity 21102K, committed 21248K, reserved 1069056K
  class space    used 2406K, capacity 2495K, committed 2560K, reserved 1048576K
}
Event: 9.109 GC heap before
{Heap before GC invocations=12 (full 2):
 PSYoungGen      total 250880K, used 223232K [0x000000076ab00000, 0x0000000789400000, 0x00000007c0000000)
  eden space 223232K, 100% used [0x000000076ab00000,0x0000000778500000,0x0000000778500000)
  from space 27648K, 0% used [0x0000000778500000,0x0000000778500000,0x000000077a000000)
  to   space 27136K, 0% used [0x0000000787980000,0x0000000787980000,0x0000000789400000)
 ParOldGen       total 134656K, used 36405K [0x00000006c0000000, 0x00000006c8380000, 0x000000076ab00000)
  object space 134656K, 27% used [0x00000006c0000000,0x00000006c238d748,0x00000006c8380000)
 Metaspace       used 21491K, capacity 21774K, committed 22144K, reserved 1069056K
  class space    used 2482K, capacity 2591K, committed 2688K, reserved 1048576K
Event: 9.114 GC heap after
Heap after GC invocations=12 (full 2):
 PSYoungGen      total 320512K, used 2622K [0x000000076ab00000, 0x0000000787c80000, 0x00000007c0000000)
  eden space 317440K, 0% used [0x000000076ab00000,0x000000076ab00000,0x000000077e100000)
  from space 3072K, 85% used [0x0000000787980000,0x0000000787c0fbb0,0x0000000787c80000)
  to   space 28160K, 0% used [0x0000000784580000,0x0000000784580000,0x0000000786100000)
 ParOldGen       total 134656K, used 36405K [0x00000006c0000000, 0x00000006c8380000, 0x000000076ab00000)
  object space 134656K, 27% used [0x00000006c0000000,0x00000006c238d748,0x00000006c8380000)
 Metaspace       used 21491K, capacity 21774K, committed 22144K, reserved 1069056K
  class space    used 2482K, capacity 2591K, committed 2688K, reserved 1048576K
}
Event: 10.194 GC heap before
{Heap before GC invocations=13 (full 2):
 PSYoungGen      total 320512K, used 320062K [0x000000076ab00000, 0x0000000787c80000, 0x00000007c0000000)
  eden space 317440K, 100% used [0x000000076ab00000,0x000000077e100000,0x000000077e100000)
  from space 3072K, 85% used [0x0000000787980000,0x0000000787c0fbb0,0x0000000787c80000)
  to   space 28160K, 0% used [0x0000000784580000,0x0000000784580000,0x0000000786100000)
 ParOldGen       total 134656K, used 36405K [0x00000006c0000000, 0x00000006c8380000, 0x000000076ab00000)
  object space 134656K, 27% used [0x00000006c0000000,0x00000006c238d748,0x00000006c8380000)
 Metaspace       used 22571K, capacity 22862K, committed 23168K, reserved 1069056K
  class space    used 2549K, capacity 2655K, committed 2688K, reserved 1048576K
Event: 10.201 GC heap after
Heap after GC invocations=13 (full 2):
 PSYoungGen      total 448512K, used 7040K [0x000000076ab00000, 0x0000000789280000, 0x00000007c0000000)
  eden space 420352K, 0% used [0x000000076ab00000,0x000000076ab00000,0x0000000784580000)
  from space 28160K, 25% used [0x0000000784580000,0x0000000784c603a8,0x0000000786100000)
  to   space 28160K, 0% used [0x0000000787700000,0x0000000787700000,0x0000000789280000)
 ParOldGen       total 134656K, used 36405K [0x00000006c0000000, 0x00000006c8380000, 0x000000076ab00000)
  object space 134656K, 27% used [0x00000006c0000000,0x00000006c238d748,0x00000006c8380000)
 Metaspace       used 22571K, capacity 22862K, committed 23168K, reserved 1069056K
  class space    used 2549K, capacity 2655K, committed 2688K, reserved 1048576K
}
Event: 12.439 GC heap before
{Heap before GC invocations=14 (full 2):
 PSYoungGen      total 448512K, used 427392K [0x000000076ab00000, 0x0000000789280000, 0x00000007c0000000)
  eden space 420352K, 100% used [0x000000076ab00000,0x0000000784580000,0x0000000784580000)
  from space 28160K, 25% used [0x0000000784580000,0x0000000784c603a8,0x0000000786100000)
  to   space 28160K, 0% used [0x0000000787700000,0x0000000787700000,0x0000000789280000)
 ParOldGen       total 134656K, used 36405K [0x00000006c0000000, 0x00000006c8380000, 0x000000076ab00000)
  object space 134656K, 27% used [0x00000006c0000000,0x00000006c238d748,0x00000006c8380000)
 Metaspace       used 25505K, capacity 25782K, committed 26240K, reserved 1073152K
  class space    used 2981K, capacity 3073K, committed 3200K, reserved 1048576K
Event: 12.461 GC heap after
Heap after GC invocations=14 (full 2):
 PSYoungGen      total 462848K, used 28134K [0x000000076ab00000, 0x0000000792880000, 0x00000007c0000000)
  eden space 434688K, 0% used [0x000000076ab00000,0x000000076ab00000,0x0000000785380000)
  from space 28160K, 99% used [0x0000000787700000,0x0000000789279848,0x0000000789280000)
  to   space 36352K, 0% used [0x0000000785380000,0x0000000785380000,0x0000000787700000)
 ParOldGen       total 134656K, used 47773K [0x00000006c0000000, 0x00000006c8380000, 0x000000076ab00000)
  object space 134656K, 35% used [0x00000006c0000000,0x00000006c2ea7490,0x00000006c8380000)
 Metaspace       used 25505K, capacity 25782K, committed 26240K, reserved 1073152K
  class space    used 2981K, capacity 3073K, committed 3200K, reserved 1048576K
}
Event: 14.421 GC heap before
{Heap before GC invocations=15 (full 2):
 PSYoungGen      total 462848K, used 462822K [0x000000076ab00000, 0x0000000792880000, 0x00000007c0000000)
  eden space 434688K, 100% used [0x000000076ab00000,0x0000000785380000,0x0000000785380000)
  from space 28160K, 99% used [0x0000000787700000,0x0000000789279848,0x0000000789280000)
  to   space 36352K, 0% used [0x0000000785380000,0x0000000785380000,0x0000000787700000)
 ParOldGen       total 134656K, used 47773K [0x00000006c0000000, 0x00000006c8380000, 0x000000076ab00000)
  object space 134656K, 35% used [0x00000006c0000000,0x00000006c2ea7490,0x00000006c8380000)
 Metaspace       used 29496K, capacity 29786K, committed 29952K, reserved 1075200K
  class space    used 3719K, capacity 3811K, committed 3840K, reserved 1048576K
Event: 14.447 GC heap after
Heap after GC invocations=15 (full 2):
 PSYoungGen      total 471040K, used 23744K [0x000000076ab00000, 0x0000000793a00000, 0x00000007c0000000)
  eden space 434688K, 0% used [0x000000076ab00000,0x000000076ab00000,0x0000000785380000)
  from space 36352K, 65% used [0x0000000785380000,0x0000000786ab0250,0x0000000787700000)
  to   space 36864K, 0% used [0x0000000791600000,0x0000000791600000,0x0000000793a00000)
 ParOldGen       total 134656K, used 74277K [0x00000006c0000000, 0x00000006c8380000, 0x000000076ab00000)
  object space 134656K, 55% used [0x00000006c0000000,0x00000006c4889758,0x00000006c8380000)
 Metaspace       used 29496K, capacity 29786K, committed 29952K, reserved 1075200K
  class space    used 3719K, capacity 3811K, committed 3840K, reserved 1048576K
}

Deoptimization events (10 events):
Event: 13.783 Thread 0x00007febd7009000 Uncommon trap: reason=unstable_if action=reinterpret pc=0x000000010c3a1ff0 method=java.util.regex.Pattern$Branch.match(Ljava/util/regex/Matcher;ILjava/lang/CharSequence;)Z @ 35
Event: 13.830 Thread 0x00007febd7009000 Uncommon trap: reason=unstable_if action=reinterpret pc=0x000000010c3d7018 method=java.util.regex.Matcher.quoteReplacement(Ljava/lang/String;)Ljava/lang/String; @ 7
Event: 13.990 Thread 0x00007febd7009000 Uncommon trap: reason=unstable_if action=reinterpret pc=0x000000010bd28344 method=java.util.HashMap.hash(Ljava/lang/Object;)I @ 1
Event: 14.136 Thread 0x00007febd7009000 Uncommon trap: reason=bimorphic action=maybe_recompile pc=0x000000010c0816dc method=org.objectweb.asm.ClassReader.readAnnotationValue(I[CLjava/lang/String;Lorg/objectweb/asm/AnnotationVisitor;)I @ 1016
Event: 14.136 Thread 0x00007febd7009000 Uncommon trap: reason=bimorphic action=maybe_recompile pc=0x000000010c0816dc method=org.objectweb.asm.ClassReader.readAnnotationValue(I[CLjava/lang/String;Lorg/objectweb/asm/AnnotationVisitor;)I @ 1016
Event: 14.136 Thread 0x00007febd7009000 Uncommon trap: reason=bimorphic action=maybe_recompile pc=0x000000010c07ea8c method=org.objectweb.asm.ClassReader.readAnnotationValue(I[CLjava/lang/String;Lorg/objectweb/asm/AnnotationVisitor;)I @ 325
Event: 14.136 Thread 0x00007febd7009000 Uncommon trap: reason=bimorphic action=maybe_recompile pc=0x000000010c07f51c method=org.objectweb.asm.ClassReader.readAnnotationValue(I[CLjava/lang/String;Lorg/objectweb/asm/AnnotationVisitor;)I @ 1214
Event: 14.136 Thread 0x00007febd7009000 Uncommon trap: reason=bimorphic action=maybe_recompile pc=0x000000010c07fc0c method=org.objectweb.asm.ClassReader.readAnnotationValue(I[CLjava/lang/String;Lorg/objectweb/asm/AnnotationVisitor;)I @ 483
Event: 14.136 Thread 0x00007febd7009000 Uncommon trap: reason=bimorphic action=maybe_recompile pc=0x000000010c07f51c method=org.objectweb.asm.ClassReader.readAnnotationValue(I[CLjava/lang/String;Lorg/objectweb/asm/AnnotationVisitor;)I @ 1214
Event: 14.463 Thread 0x00007febd7009000 Uncommon trap: reason=predicate action=maybe_recompile pc=0x000000010bf3fecc method=java.lang.String.regionMatches(ZILjava/lang/String;II)Z @ 63

Internal exceptions (10 events):
Event: 14.316 Thread 0x00007febd7009000 NullPointerException at vtable entry 0x000000010b9f4f28
Event: 14.316 Thread 0x00007febd7009000 Exception <a 'java/lang/NullPointerException'> (0x00000007844f4368) thrown at [/Users/java_re/workspace/8-2-build-macosx-x86_64/jdk8u102/7268/hotspot/src/share/vm/runtime/sharedRuntime.cpp, line 605]
Event: 14.316 Thread 0x00007febd7009000 NullPointerException at vtable entry 0x000000010b9f4f28
Event: 14.316 Thread 0x00007febd7009000 Exception <a 'java/lang/NullPointerException'> (0x0000000784503830) thrown at [/Users/java_re/workspace/8-2-build-macosx-x86_64/jdk8u102/7268/hotspot/src/share/vm/runtime/sharedRuntime.cpp, line 605]
Event: 14.317 Thread 0x00007febd7009000 NullPointerException at vtable entry 0x000000010b9f4f28
Event: 14.317 Thread 0x00007febd7009000 Exception <a 'java/lang/NullPointerException'> (0x000000078452a470) thrown at [/Users/java_re/workspace/8-2-build-macosx-x86_64/jdk8u102/7268/hotspot/src/share/vm/runtime/sharedRuntime.cpp, line 605]
Event: 14.318 Thread 0x00007febd7009000 NullPointerException at vtable entry 0x000000010b9f4f28
Event: 14.318 Thread 0x00007febd7009000 Exception <a 'java/lang/NullPointerException'> (0x00000007845480b8) thrown at [/Users/java_re/workspace/8-2-build-macosx-x86_64/jdk8u102/7268/hotspot/src/share/vm/runtime/sharedRuntime.cpp, line 605]
Event: 14.318 Thread 0x00007febd7009000 NullPointerException at vtable entry 0x000000010b9f4f28
Event: 14.318 Thread 0x00007febd7009000 Exception <a 'java/lang/NullPointerException'> (0x0000000784557960) thrown at [/Users/java_re/workspace/8-2-build-macosx-x86_64/jdk8u102/7268/hotspot/src/share/vm/runtime/sharedRuntime.cpp, line 605]

Events (10 events):
Event: 14.610 loading class org/lwjgl/opengl/ContextGL
Event: 14.611 loading class org/lwjgl/opengl/ContextGL done
Event: 14.616 loading class org/lwjgl/opengl/ContextImplementation
Event: 14.616 loading class org/lwjgl/opengl/ContextImplementation done
Event: 14.616 loading class org/lwjgl/opengl/MacOSXContextImplementation
Event: 14.616 loading class org/lwjgl/opengl/MacOSXContextImplementation done
Event: 14.617 loading class org/lwjgl/opengl/GLContext
Event: 14.617 loading class org/lwjgl/opengl/GLContext done
Event: 14.622 loading class org/lwjgl/opengl/GLContext$CapabilitiesCacheEntry
Event: 14.622 loading class org/lwjgl/opengl/GLContext$CapabilitiesCacheEntry done


Dynamic libraries:
0x000000001b4f8000 	/System/Library/Frameworks/Cocoa.framework/Versions/A/Cocoa
0x000000001b4f8000 	/System/Library/Frameworks/AppKit.framework/Versions/C/AppKit
0x000000001b4f8000 	/System/Library/Frameworks/CoreData.framework/Versions/A/CoreData
0x000000001b4f8000 	/System/Library/Frameworks/Foundation.framework/Versions/C/Foundation
0x000000001b4f8000 	/usr/lib/libSystem.B.dylib
0x000000001b4f8000 	/System/Library/PrivateFrameworks/UIFoundation.framework/Versions/A/UIFoundation
0x000000001b4f8000 	/System/Library/PrivateFrameworks/RemoteViewServices.framework/Versions/A/RemoteViewServices
0x000000001b4f8000 	/System/Library/PrivateFrameworks/XCTTargetBootstrap.framework/Versions/A/XCTTargetBootstrap
0x000000001b4f8000 	/System/Library/PrivateFrameworks/InternationalSupport.framework/Versions/A/InternationalSupport
0x000000001b4f8000 	/System/Library/PrivateFrameworks/UserActivity.framework/Versions/A/UserActivity
0x000000001b4f8000 	/usr/lib/libspindump.dylib
0x000000001b4f8000 	/System/Library/Frameworks/UniformTypeIdentifiers.framework/Versions/A/UniformTypeIdentifiers
0x000000001b4f8000 	/usr/lib/libapp_launch_measurement.dylib
0x000000001b4f8000 	/System/Library/PrivateFrameworks/CoreAnalytics.framework/Versions/A/CoreAnalytics
0x000000001b4f8000 	/System/Library/PrivateFrameworks/CoreAutoLayout.framework/Versions/A/CoreAutoLayout
0x000000001b4f8000 	/System/Library/Frameworks/Metal.framework/Versions/A/Metal
0x000000001b4f8000 	/usr/lib/liblangid.dylib
0x000000001b4f8000 	/System/Library/PrivateFrameworks/CoreSVG.framework/Versions/A/CoreSVG
0x000000001b4f8000 	/System/Library/PrivateFrameworks/SkyLight.framework/Versions/A/SkyLight
0x000000001b4f8000 	/System/Library/Frameworks/CoreGraphics.framework/Versions/A/CoreGraphics
0x000000001b4f8000 	/System/Library/Frameworks/Accelerate.framework/Versions/A/Accelerate
0x000000001b4f8000 	/System/Library/PrivateFrameworks/IconServices.framework/Versions/A/IconServices
0x000000001b4f8000 	/System/Library/Frameworks/IOSurface.framework/Versions/A/IOSurface
0x000000001b4f8000 	/usr/lib/libDiagnosticMessagesClient.dylib
0x000000001b4f8000 	/usr/lib/libz.1.dylib
0x000000001b4f8000 	/System/Library/Frameworks/ApplicationServices.framework/Versions/A/ApplicationServices
0x000000001b4f8000 	/System/Library/PrivateFrameworks/DFRFoundation.framework/Versions/A/DFRFoundation
0x000000001b4f8000 	/usr/lib/libicucore.A.dylib
0x000000001b4f8000 	/System/Library/Frameworks/AudioToolbox.framework/Versions/A/AudioToolbox
0x000000001b4f8000 	/System/Library/PrivateFrameworks/DataDetectorsCore.framework/Versions/A/DataDetectorsCore
0x000000001b4f8000 	/System/Library/PrivateFrameworks/TextInput.framework/Versions/A/TextInput
0x000000001b4f8000 	/usr/lib/libMobileGestalt.dylib
0x000000001b4f8000 	/System/Library/Frameworks/Carbon.framework/Versions/A/Frameworks/HIToolbox.framework/Versions/A/HIToolbox
0x000000001b4f8000 	/System/Library/Frameworks/QuartzCore.framework/Versions/A/QuartzCore
0x000000001b4f8000 	/System/Library/Frameworks/Security.framework/Versions/A/Security
0x000000001b4f8000 	/System/Library/Frameworks/Carbon.framework/Versions/A/Frameworks/SpeechRecognition.framework/Versions/A/SpeechRecognition
0x000000001b4f8000 	/System/Library/PrivateFrameworks/CoreUI.framework/Versions/A/CoreUI
0x000000001b4f8000 	/System/Library/Frameworks/CoreAudio.framework/Versions/A/CoreAudio
0x000000001b4f8000 	/System/Library/Frameworks/DiskArbitration.framework/Versions/A/DiskArbitration
0x000000001b4f8000 	/System/Library/PrivateFrameworks/MultitouchSupport.framework/Versions/A/MultitouchSupport
0x000000001b4f8000 	/usr/lib/libenergytrace.dylib
0x000000001b4f8000 	/System/Library/Frameworks/IOKit.framework/Versions/A/IOKit
0x000000001b4f8000 	/System/Library/Frameworks/CoreServices.framework/Versions/A/CoreServices
0x000000001b4f8000 	/System/Library/PrivateFrameworks/PerformanceAnalysis.framework/Versions/A/PerformanceAnalysis
0x000000001b4f8000 	/System/Library/Frameworks/OpenGL.framework/Versions/A/OpenGL
0x000000001b4f8000 	/System/Library/PrivateFrameworks/MobileKeyBag.framework/Versions/A/MobileKeyBag
0x000000001b4f8000 	/usr/lib/libobjc.A.dylib
0x000000001b4f8000 	/System/Library/Frameworks/ColorSync.framework/Versions/A/ColorSync
0x000000001b4f8000 	/System/Library/Frameworks/CoreFoundation.framework/Versions/A/CoreFoundation
0x000000001b4f8000 	/System/Library/Frameworks/CoreImage.framework/Versions/A/CoreImage
0x000000001b4f8000 	/System/Library/Frameworks/CoreText.framework/Versions/A/CoreText
0x000000001b4f8000 	/System/Library/Frameworks/ImageIO.framework/Versions/A/ImageIO
0x000000001b4f8000 	/System/Library/PrivateFrameworks/SoftLinking.framework/Versions/A/SoftLinking
0x000000001b4f8000 	/usr/lib/libxml2.2.dylib
0x000000001b4f8000 	/usr/lib/libc++.1.dylib
0x000000001b4f8000 	/usr/lib/libcompression.dylib
0x000000001b4f8000 	/System/Library/PrivateFrameworks/TextureIO.framework/Versions/A/TextureIO
0x000000001b4f8000 	/usr/lib/libate.dylib
0x000000001b4f8000 	/usr/lib/system/libcache.dylib
0x000000001b4f8000 	/usr/lib/system/libcommonCrypto.dylib
0x000000001b4f8000 	/usr/lib/system/libcompiler_rt.dylib
0x000000001b4f8000 	/usr/lib/system/libcopyfile.dylib
0x000000001b4f8000 	/usr/lib/system/libcorecrypto.dylib
0x000000001b4f8000 	/usr/lib/system/libdispatch.dylib
0x000000001b4f8000 	/usr/lib/system/libdyld.dylib
0x000000001b4f8000 	/usr/lib/system/libkeymgr.dylib
0x000000001b4f8000 	/usr/lib/system/libmacho.dylib
0x000000001b4f8000 	/usr/lib/system/libquarantine.dylib
0x000000001b4f8000 	/usr/lib/system/libremovefile.dylib
0x000000001b4f8000 	/usr/lib/system/libsystem_asl.dylib
0x000000001b4f8000 	/usr/lib/system/libsystem_blocks.dylib
0x000000001b4f8000 	/usr/lib/system/libsystem_c.dylib
0x000000001b4f8000 	/usr/lib/system/libsystem_collections.dylib
0x000000001b4f8000 	/usr/lib/system/libsystem_configuration.dylib
0x000000001b4f8000 	/usr/lib/system/libsystem_containermanager.dylib
0x000000001b4f8000 	/usr/lib/system/libsystem_coreservices.dylib
0x000000001b4f8000 	/usr/lib/system/libsystem_darwin.dylib
0x000000001b4f8000 	/usr/lib/system/libsystem_dnssd.dylib
0x000000001b4f8000 	/usr/lib/system/libsystem_featureflags.dylib
0x000000001b4f8000 	/usr/lib/system/libsystem_info.dylib
0x000000001b4f8000 	/usr/lib/system/libsystem_m.dylib
0x000000001b4f8000 	/usr/lib/system/libsystem_malloc.dylib
0x000000001b4f8000 	/usr/lib/system/libsystem_networkextension.dylib
0x000000001b4f8000 	/usr/lib/system/libsystem_notify.dylib
0x000000001b4f8000 	/usr/lib/system/libsystem_product_info_filter.dylib
0x000000001b4f8000 	/usr/lib/system/libsystem_sandbox.dylib
0x000000001b4f8000 	/usr/lib/system/libsystem_secinit.dylib
0x000000001b4f8000 	/usr/lib/system/libsystem_kernel.dylib
0x000000001b4f8000 	/usr/lib/system/libsystem_platform.dylib
0x000000001b4f8000 	/usr/lib/system/libsystem_pthread.dylib
0x000000001b4f8000 	/usr/lib/system/libsystem_symptoms.dylib
0x000000001b4f8000 	/usr/lib/system/libsystem_trace.dylib
0x000000001b4f8000 	/usr/lib/system/libunwind.dylib
0x000000001b4f8000 	/usr/lib/system/libxpc.dylib
0x000000001b4f8000 	/usr/lib/libc++abi.dylib
0x000000001b4f8000 	/usr/lib/liboah.dylib
0x000000001b4f8000 	/usr/lib/liblzma.5.dylib
0x000000001b4f8000 	/System/Library/Frameworks/SystemConfiguration.framework/Versions/A/SystemConfiguration
0x000000001b4f8000 	/usr/lib/libfakelink.dylib
0x000000001b4f8000 	/System/Library/Frameworks/CFNetwork.framework/Versions/A/CFNetwork
0x000000001b4f8000 	/usr/lib/libarchive.2.dylib
0x000000001b4f8000 	/System/Library/PrivateFrameworks/AppleSystemInfo.framework/Versions/A/AppleSystemInfo
0x000000001b4f8000 	/usr/lib/libbsm.0.dylib
0x000000001b4f8000 	/usr/lib/libnetwork.dylib
0x000000001b4f8000 	/usr/lib/system/libkxld.dylib
0x000000001b4f8000 	/System/Library/PrivateFrameworks/IOMobileFramebuffer.framework/Versions/A/IOMobileFramebuffer
0x000000001b4f8000 	/usr/lib/libCoreEntitlements.dylib
0x000000001b4f8000 	/System/Library/PrivateFrameworks/AppleFSCompression.framework/Versions/A/AppleFSCompression
0x000000001b4f8000 	/usr/lib/libcoretls.dylib
0x000000001b4f8000 	/usr/lib/libcoretls_cfhelpers.dylib
0x000000001b4f8000 	/usr/lib/libpam.2.dylib
0x000000001b4f8000 	/usr/lib/libsqlite3.dylib
0x000000001b4f8000 	/usr/lib/libxar.1.dylib
0x000000001b4f8000 	/usr/lib/libbz2.1.0.dylib
0x000000001b4f8000 	/usr/lib/libpcap.A.dylib
0x000000001b4f8000 	/usr/lib/libdns_services.dylib
0x000000001b4f8000 	/usr/lib/libapple_nghttp2.dylib
0x000000001b4f8000 	/usr/lib/libiconv.2.dylib
0x000000001b4f8000 	/usr/lib/libcharset.1.dylib
0x000000001b4f8000 	/System/Library/Frameworks/CoreServices.framework/Versions/A/Frameworks/FSEvents.framework/Versions/A/FSEvents
0x000000001b4f8000 	/System/Library/Frameworks/CoreServices.framework/Versions/A/Frameworks/CarbonCore.framework/Versions/A/CarbonCore
0x000000001b4f8000 	/System/Library/Frameworks/CoreServices.framework/Versions/A/Frameworks/Metadata.framework/Versions/A/Metadata
0x000000001b4f8000 	/System/Library/Frameworks/CoreServices.framework/Versions/A/Frameworks/OSServices.framework/Versions/A/OSServices
0x000000001b4f8000 	/System/Library/Frameworks/CoreServices.framework/Versions/A/Frameworks/SearchKit.framework/Versions/A/SearchKit
0x000000001b4f8000 	/System/Library/Frameworks/CoreServices.framework/Versions/A/Frameworks/AE.framework/Versions/A/AE
0x000000001b4f8000 	/System/Library/Frameworks/CoreServices.framework/Versions/A/Frameworks/LaunchServices.framework/Versions/A/LaunchServices
0x000000001b4f8000 	/System/Library/Frameworks/CoreServices.framework/Versions/A/Frameworks/DictionaryServices.framework/Versions/A/DictionaryServices
0x000000001b4f8000 	/System/Library/Frameworks/CoreServices.framework/Versions/A/Frameworks/SharedFileList.framework/Versions/A/SharedFileList
0x000000001b4f8000 	/usr/lib/libCheckFix.dylib
0x000000001b4f8000 	/System/Library/PrivateFrameworks/TCC.framework/Versions/A/TCC
0x000000001b4f8000 	/System/Library/PrivateFrameworks/CoreNLP.framework/Versions/A/CoreNLP
0x000000001b4f8000 	/System/Library/PrivateFrameworks/MetadataUtilities.framework/Versions/A/MetadataUtilities
0x000000001b4f8000 	/usr/lib/libmecabra.dylib
0x000000001b4f8000 	/usr/lib/libmecab.dylib
0x000000001b4f8000 	/usr/lib/libCRFSuite.dylib
0x000000001b4f8000 	/usr/lib/libgermantok.dylib
0x000000001b4f8000 	/usr/lib/libThaiTokenizer.dylib
0x000000001b4f8000 	/System/Library/Frameworks/Accelerate.framework/Versions/A/Frameworks/vImage.framework/Versions/A/vImage
0x000000001b4f8000 	/System/Library/Frameworks/Accelerate.framework/Versions/A/Frameworks/vecLib.framework/Versions/A/vecLib
0x000000001b4f8000 	/System/Library/Frameworks/Accelerate.framework/Versions/A/Frameworks/vecLib.framework/Versions/A/libvMisc.dylib
0x000000001b4f8000 	/System/Library/Frameworks/Accelerate.framework/Versions/A/Frameworks/vecLib.framework/Versions/A/libvDSP.dylib
0x000000001b4f8000 	/System/Library/Frameworks/Accelerate.framework/Versions/A/Frameworks/vecLib.framework/Versions/A/libBLAS.dylib
0x000000001b4f8000 	/System/Library/Frameworks/Accelerate.framework/Versions/A/Frameworks/vecLib.framework/Versions/A/libLAPACK.dylib
0x000000001b4f8000 	/System/Library/Frameworks/Accelerate.framework/Versions/A/Frameworks/vecLib.framework/Versions/A/libLinearAlgebra.dylib
0x000000001b4f8000 	/System/Library/Frameworks/Accelerate.framework/Versions/A/Frameworks/vecLib.framework/Versions/A/libSparseBLAS.dylib
0x000000001b4f8000 	/System/Library/Frameworks/Accelerate.framework/Versions/A/Frameworks/vecLib.framework/Versions/A/libQuadrature.dylib
0x000000001b4f8000 	/System/Library/Frameworks/Accelerate.framework/Versions/A/Frameworks/vecLib.framework/Versions/A/libBNNS.dylib
0x000000001b4f8000 	/System/Library/Frameworks/Accelerate.framework/Versions/A/Frameworks/vecLib.framework/Versions/A/libSparse.dylib
0x000000001b4f8000 	/System/Library/PrivateFrameworks/LinguisticData.framework/Versions/A/LinguisticData
0x000000001b4f8000 	/System/Library/PrivateFrameworks/Lexicon.framework/Versions/A/Lexicon
0x000000001b4f8000 	/usr/lib/libChineseTokenizer.dylib
0x000000001b4f8000 	/System/Library/PrivateFrameworks/LanguageModeling.framework/Versions/A/LanguageModeling
0x000000001b4f8000 	/System/Library/PrivateFrameworks/AppleSauce.framework/Versions/A/AppleSauce
0x000000001b4f8000 	/System/Library/PrivateFrameworks/CoreEmoji.framework/Versions/A/CoreEmoji
0x000000001b4f8000 	/usr/lib/libcmph.dylib
0x000000001b4f8000 	/System/Library/Frameworks/OpenDirectory.framework/Versions/A/Frameworks/CFOpenDirectory.framework/Versions/A/CFOpenDirectory
0x000000001b4f8000 	/System/Library/Frameworks/OpenDirectory.framework/Versions/A/OpenDirectory
0x000000001b4f8000 	/System/Library/PrivateFrameworks/APFS.framework/Versions/A/APFS
0x000000001b4f8000 	/System/Library/Frameworks/SecurityFoundation.framework/Versions/A/SecurityFoundation
0x000000001b4f8000 	/usr/lib/libutil.dylib
0x000000001b4f8000 	/System/Library/PrivateFrameworks/CoreServicesStore.framework/Versions/A/CoreServicesStore
0x000000001b4f8000 	/usr/lib/libxslt.1.dylib
0x000000001b4f8000 	/System/Library/PrivateFrameworks/BackgroundTaskManagement.framework/Versions/A/BackgroundTaskManagement
0x000000001b4f8000 	/System/Library/Frameworks/ImageIO.framework/Versions/A/Resources/libRadiance.dylib
0x000000001b4f8000 	/System/Library/Frameworks/ImageIO.framework/Versions/A/Resources/libJPEG.dylib
0x000000001b4f8000 	/System/Library/Frameworks/ImageIO.framework/Versions/A/Resources/libPng.dylib
0x000000001b4f8000 	/System/Library/Frameworks/ImageIO.framework/Versions/A/Resources/libTIFF.dylib
0x000000001b4f8000 	/System/Library/Frameworks/ImageIO.framework/Versions/A/Resources/libGIF.dylib
0x000000001b4f8000 	/System/Library/Frameworks/ImageIO.framework/Versions/A/Resources/libJP2.dylib
0x000000001b4f8000 	/usr/lib/libexpat.1.dylib
0x000000001b4f8000 	/System/Library/PrivateFrameworks/AppleJPEG.framework/Versions/A/AppleJPEG
0x000000001b4f8000 	/System/Library/PrivateFrameworks/FontServices.framework/libFontParser.dylib
0x000000001b4f8000 	/System/Library/PrivateFrameworks/RunningBoardServices.framework/Versions/A/RunningBoardServices
0x000000001b4f8000 	/System/Library/PrivateFrameworks/IOSurfaceAccelerator.framework/Versions/A/IOSurfaceAccelerator
0x000000001b4f8000 	/System/Library/PrivateFrameworks/WatchdogClient.framework/Versions/A/WatchdogClient
0x000000001b4f8000 	/System/Library/Frameworks/CoreDisplay.framework/Versions/A/CoreDisplay
0x000000001b4f8000 	/System/Library/Frameworks/CoreMedia.framework/Versions/A/CoreMedia
0x000000001b4f8000 	/System/Library/PrivateFrameworks/IOAccelerator.framework/Versions/A/IOAccelerator
0x000000001b4f8000 	/System/Library/Frameworks/CoreVideo.framework/Versions/A/CoreVideo
0x000000001b4f8000 	/System/Library/Frameworks/MetalPerformanceShaders.framework/Versions/A/MetalPerformanceShaders
0x000000001b4f8000 	/System/Library/Frameworks/VideoToolbox.framework/Versions/A/VideoToolbox
0x000000001b4f8000 	/System/Library/PrivateFrameworks/BaseBoard.framework/Versions/A/BaseBoard
0x000000001b4f8000 	/System/Library/PrivateFrameworks/ProtocolBuffer.framework/Versions/A/ProtocolBuffer
0x000000001b4f8000 	/System/Library/PrivateFrameworks/GPUWrangler.framework/Versions/A/GPUWrangler
0x000000001b4f8000 	/System/Library/PrivateFrameworks/IOPresentment.framework/Versions/A/IOPresentment
0x000000001b4f8000 	/System/Library/PrivateFrameworks/DSExternalDisplay.framework/Versions/A/DSExternalDisplay
0x000000001b4f8000 	/System/Library/Frameworks/OpenGL.framework/Versions/A/Libraries/libCoreFSCache.dylib
0x000000001b4f8000 	/System/Library/PrivateFrameworks/GPUCompiler.framework/Versions/31001/Libraries/libGPUCompilerUtils.dylib
0x000000001b4f8000 	/System/Library/PrivateFrameworks/CMCaptureCore.framework/Versions/A/CMCaptureCore
0x000000001b4f8000 	/System/Library/PrivateFrameworks/AppServerSupport.framework/Versions/A/AppServerSupport
0x000000001b4f8000 	/System/Library/PrivateFrameworks/perfdata.framework/Versions/A/perfdata
0x000000001b4f8000 	/System/Library/PrivateFrameworks/AudioToolboxCore.framework/Versions/A/AudioToolboxCore
0x000000001b4f8000 	/System/Library/PrivateFrameworks/caulk.framework/Versions/A/caulk
0x000000001b4f8000 	/usr/lib/libAudioStatistics.dylib
0x000000001b4f8000 	/System/Library/PrivateFrameworks/SystemPolicy.framework/Versions/A/SystemPolicy
0x000000001b4f8000 	/usr/lib/libSMC.dylib
0x000000001b4f8000 	/System/Library/Frameworks/CoreMIDI.framework/Versions/A/CoreMIDI
0x000000001b4f8000 	/usr/lib/libAudioToolboxUtility.dylib
0x000000001b4f8000 	/System/Library/PrivateFrameworks/OSAServicesClient.framework/Versions/A/OSAServicesClient
0x000000001b4f8000 	/usr/lib/libperfcheck.dylib
0x000000001b4f8000 	/usr/lib/libmis.dylib
0x000000001b4f8000 	/System/Library/Frameworks/OpenGL.framework/Versions/A/Libraries/libGLU.dylib
0x000000001b4f8000 	/System/Library/Frameworks/OpenGL.framework/Versions/A/Libraries/libGFXShared.dylib
0x000000001b4f8000 	/System/Library/Frameworks/OpenGL.framework/Versions/A/Libraries/libGL.dylib
0x000000001b4f8000 	/System/Library/Frameworks/OpenGL.framework/Versions/A/Libraries/libGLImage.dylib
0x000000001b4f8000 	/System/Library/Frameworks/OpenGL.framework/Versions/A/Libraries/libCVMSPluginSupport.dylib
0x000000001b4f8000 	/System/Library/Frameworks/OpenGL.framework/Versions/A/Libraries/libCoreVMClient.dylib
0x000000001b4f8000 	/System/Library/Frameworks/MetalPerformanceShaders.framework/Versions/A/Frameworks/MPSCore.framework/Versions/A/MPSCore
0x000000001b4f8000 	/System/Library/Frameworks/MetalPerformanceShaders.framework/Versions/A/Frameworks/MPSImage.framework/Versions/A/MPSImage
0x000000001b4f8000 	/System/Library/Frameworks/MetalPerformanceShaders.framework/Versions/A/Frameworks/MPSNeuralNetwork.framework/Versions/A/MPSNeuralNetwork
0x000000001b4f8000 	/System/Library/Frameworks/MetalPerformanceShaders.framework/Versions/A/Frameworks/MPSMatrix.framework/Versions/A/MPSMatrix
0x000000001b4f8000 	/System/Library/Frameworks/MetalPerformanceShaders.framework/Versions/A/Frameworks/MPSRayIntersector.framework/Versions/A/MPSRayIntersector
0x000000001b4f8000 	/System/Library/Frameworks/MetalPerformanceShaders.framework/Versions/A/Frameworks/MPSNDArray.framework/Versions/A/MPSNDArray
0x000000001b4f8000 	/System/Library/Frameworks/MetalPerformanceShaders.framework/Versions/A/Frameworks/MPSFunctions.framework/Versions/A/MPSFunctions
0x000000001b4f8000 	/System/Library/PrivateFrameworks/MetalTools.framework/Versions/A/MetalTools
0x000000001b4f8000 	/System/Library/PrivateFrameworks/AggregateDictionary.framework/Versions/A/AggregateDictionary
0x000000001b4f8000 	/usr/lib/libIOReport.dylib
0x000000001b4f8000 	/System/Library/Frameworks/OpenCL.framework/Versions/A/OpenCL
0x000000001b4f8000 	/System/Library/PrivateFrameworks/FaceCore.framework/Versions/A/FaceCore
0x000000001b4f8000 	/System/Library/PrivateFrameworks/GraphVisualizer.framework/Versions/A/GraphVisualizer
0x000000001b4f8000 	/System/Library/PrivateFrameworks/FontServices.framework/Versions/A/FontServices
0x000000001b4f8000 	/System/Library/PrivateFrameworks/OTSVG.framework/Versions/A/OTSVG
0x000000001b4f8000 	/System/Library/Frameworks/ApplicationServices.framework/Versions/A/Frameworks/ATS.framework/Versions/A/Resources/libFontRegistry.dylib
0x000000001b4f8000 	/System/Library/PrivateFrameworks/FontServices.framework/libhvf.dylib
0x000000001b4f8000 	/System/Library/PrivateFrameworks/FontServices.framework/libXTFontStaticRegistryData.dylib
0x000000001b4f8000 	/System/Library/PrivateFrameworks/AppleVA.framework/Versions/A/AppleVA
0x000000001b4f8000 	/System/Library/Frameworks/ApplicationServices.framework/Versions/A/Frameworks/ATS.framework/Versions/A/ATS
0x000000001b4f8000 	/System/Library/Frameworks/ApplicationServices.framework/Versions/A/Frameworks/HIServices.framework/Versions/A/HIServices
0x000000001b4f8000 	/System/Library/Frameworks/ApplicationServices.framework/Versions/A/Frameworks/PrintCore.framework/Versions/A/PrintCore
0x000000001b4f8000 	/System/Library/Frameworks/ApplicationServices.framework/Versions/A/Frameworks/QD.framework/Versions/A/QD
0x000000001b4f8000 	/System/Library/Frameworks/ApplicationServices.framework/Versions/A/Frameworks/ColorSyncLegacy.framework/Versions/A/ColorSyncLegacy
0x000000001b4f8000 	/System/Library/Frameworks/ApplicationServices.framework/Versions/A/Frameworks/SpeechSynthesis.framework/Versions/A/SpeechSynthesis
0x000000001b4f8000 	/System/Library/Frameworks/ApplicationServices.framework/Versions/A/Frameworks/ATSUI.framework/Versions/A/ATSUI
0x000000001b4f8000 	/usr/lib/libcups.2.dylib
0x000000001b4f8000 	/System/Library/Frameworks/Kerberos.framework/Versions/A/Kerberos
0x000000001b4f8000 	/System/Library/Frameworks/GSS.framework/Versions/A/GSS
0x000000001b4f8000 	/usr/lib/libresolv.9.dylib
0x000000001b4f8000 	/System/Library/PrivateFrameworks/Heimdal.framework/Versions/A/Heimdal
0x000000001b4f8000 	/System/Library/Frameworks/Kerberos.framework/Versions/A/Libraries/libHeimdalProxy.dylib
0x000000001b4f8000 	/System/Library/Frameworks/Network.framework/Versions/A/Network
0x000000001b4f8000 	/usr/lib/libheimdal-asn1.dylib
0x000000001b4f8000 	/System/Library/PrivateFrameworks/CommonAuth.framework/Versions/A/CommonAuth
0x000000001b4f8000 	/System/Library/PrivateFrameworks/AudioSession.framework/Versions/A/AudioSession
0x000000001b4f8000 	/System/Library/PrivateFrameworks/MediaExperience.framework/Versions/A/MediaExperience
0x000000001b4f8000 	/System/Library/PrivateFrameworks/AudioSession.framework/libSessionUtility.dylib
0x000000001b4f8000 	/System/Library/PrivateFrameworks/AudioResourceArbitration.framework/Versions/A/AudioResourceArbitration
0x000000001b4f8000 	/System/Library/PrivateFrameworks/PowerLog.framework/Versions/A/PowerLog
0x000000001b4f8000 	/System/Library/PrivateFrameworks/IconFoundation.framework/Versions/A/IconFoundation
0x000000001b4f8000 	/System/Library/PrivateFrameworks/SpeechRecognitionCore.framework/Versions/A/SpeechRecognitionCore
0x0000000109a48000 	/Library/Java/JavaVirtualMachines/jdk-1.8.0_102.jdk/Contents/Home/jre/lib/server/libjvm.dylib
0x000000001b4f8000 	/usr/lib/libstdc++.6.dylib
0x0000000108af4000 	/Library/Java/JavaVirtualMachines/jdk-1.8.0_102.jdk/Contents/Home/jre/lib/libverify.dylib
0x0000000108b48000 	/Library/Java/JavaVirtualMachines/jdk-1.8.0_102.jdk/Contents/Home/jre/lib/libjava.dylib
0x0000000108c07000 	/Library/Java/JavaVirtualMachines/jdk-1.8.0_102.jdk/Contents/Home/jre/lib/libjdwp.dylib
0x0000000108b13000 	/Library/Java/JavaVirtualMachines/jdk-1.8.0_102.jdk/Contents/Home/jre/lib/libnpt.dylib
0x0000000108cab000 	/Library/Java/JavaVirtualMachines/jdk-1.8.0_102.jdk/Contents/Home/jre/lib/libinstrument.dylib
0x0000000108cff000 	/Library/Java/JavaVirtualMachines/jdk-1.8.0_102.jdk/Contents/Home/jre/lib/libzip.dylib
0x000000001b4f8000 	/System/Library/Frameworks/JavaRuntimeSupport.framework/Versions/A/JavaRuntimeSupport
0x000000001b4f8000 	/System/Library/Frameworks/Carbon.framework/Versions/A/Carbon
0x000000001b4f8000 	/System/Library/PrivateFrameworks/CoreSymbolication.framework/Versions/A/CoreSymbolication
0x000000001b4f8000 	/System/Library/Frameworks/Carbon.framework/Versions/A/Frameworks/CommonPanels.framework/Versions/A/CommonPanels
0x000000001b4f8000 	/System/Library/Frameworks/Carbon.framework/Versions/A/Frameworks/Help.framework/Versions/A/Help
0x000000001b4f8000 	/System/Library/Frameworks/Carbon.framework/Versions/A/Frameworks/ImageCapture.framework/Versions/A/ImageCapture
0x000000001b4f8000 	/System/Library/Frameworks/Carbon.framework/Versions/A/Frameworks/OpenScripting.framework/Versions/A/OpenScripting
0x000000001b4f8000 	/System/Library/Frameworks/Carbon.framework/Versions/A/Frameworks/Ink.framework/Versions/A/Ink
0x000000001b4f8000 	/System/Library/Frameworks/Carbon.framework/Versions/A/Frameworks/Print.framework/Versions/A/Print
0x000000001b4f8000 	/System/Library/Frameworks/Carbon.framework/Versions/A/Frameworks/SecurityHI.framework/Versions/A/SecurityHI
0x000000001b4f8000 	/System/Library/PrivateFrameworks/DebugSymbols.framework/Versions/A/DebugSymbols
0x0000000109a1f000 	/Library/Java/JavaVirtualMachines/jdk-1.8.0_102.jdk/Contents/Home/jre/lib/libdt_socket.dylib
0x00000001263c8000 	/Library/Java/JavaVirtualMachines/jdk-1.8.0_102.jdk/Contents/Home/jre/lib/libmanagement.dylib
0x00000001264b6000 	/Library/Java/JavaVirtualMachines/jdk-1.8.0_102.jdk/Contents/Home/jre/lib/libnet.dylib
0x00000001264f1000 	/Library/Java/JavaVirtualMachines/jdk-1.8.0_102.jdk/Contents/Home/jre/lib/libnio.dylib
0x00000001269d9000 	/Library/Java/JavaVirtualMachines/jdk-1.8.0_102.jdk/Contents/Home/jre/lib/libawt.dylib
0x0000000126bf6000 	/Library/Java/JavaVirtualMachines/jdk-1.8.0_102.jdk/Contents/Home/jre/lib/libmlib_image.dylib
0x000000001b4f8000 	/System/Library/Frameworks/JavaNativeFoundation.framework/Versions/A/JavaNativeFoundation
0x0000000126d7e000 	/Library/Java/JavaVirtualMachines/jdk-1.8.0_102.jdk/Contents/Home/jre/lib/libawt_lwawt.dylib
0x000000012696f000 	/Library/Java/JavaVirtualMachines/jdk-1.8.0_102.jdk/Contents/Home/jre/lib/libosxapp.dylib
0x000000001b4f8000 	/System/Library/Frameworks/ExceptionHandling.framework/Versions/A/ExceptionHandling
0x000000001b4f8000 	/System/Library/PrivateFrameworks/CoreServicesInternal.framework/Versions/A/CoreServicesInternal
0x000000001b4f8000 	/System/Library/Frameworks/FileProvider.framework/Versions/A/FileProvider
0x000000001b4f8000 	/System/Library/Frameworks/Accounts.framework/Versions/A/Accounts
0x000000001b4f8000 	/System/Library/PrivateFrameworks/GenerationalStorage.framework/Versions/A/GenerationalStorage
0x000000001b4f8000 	/System/Library/PrivateFrameworks/SymptomDiagnosticReporter.framework/Versions/A/SymptomDiagnosticReporter
0x000000001b4f8000 	/System/Library/PrivateFrameworks/DesktopServicesPriv.framework/Versions/A/DesktopServicesPriv
0x000000001b4f8000 	/usr/lib/libsandbox.1.dylib
0x000000001b4f8000 	/System/Library/PrivateFrameworks/UserManagement.framework/Versions/A/UserManagement
0x000000001b4f8000 	/System/Library/PrivateFrameworks/NetAuth.framework/Versions/A/NetAuth
0x000000001b4f8000 	/System/Library/PrivateFrameworks/Sharing.framework/Versions/A/Sharing
0x000000001b4f8000 	/System/Library/PrivateFrameworks/login.framework/Versions/A/Frameworks/loginsupport.framework/Versions/A/loginsupport
0x000000001b4f8000 	/System/Library/PrivateFrameworks/Apple80211.framework/Versions/A/Apple80211
0x000000001b4f8000 	/System/Library/PrivateFrameworks/AuthKit.framework/Versions/A/AuthKit
0x000000001b4f8000 	/System/Library/PrivateFrameworks/CoreUtils.framework/Versions/A/CoreUtils
0x000000001b4f8000 	/System/Library/Frameworks/CoreWLAN.framework/Versions/A/CoreWLAN
0x000000001b4f8000 	/System/Library/Frameworks/IOBluetooth.framework/Versions/A/IOBluetooth
0x000000001b4f8000 	/System/Library/PrivateFrameworks/CoreWiFi.framework/Versions/A/CoreWiFi
0x000000001b4f8000 	/System/Library/PrivateFrameworks/FrontBoardServices.framework/Versions/A/FrontBoardServices
0x000000001b4f8000 	/System/Library/PrivateFrameworks/BoardServices.framework/Versions/A/BoardServices
0x000000001b4f8000 	/System/Library/PrivateFrameworks/AssertionServices.framework/Versions/A/AssertionServices
0x000000001b4f8000 	/System/Library/PrivateFrameworks/BackBoardServices.framework/Versions/A/BackBoardServices
0x000000001b4f8000 	/System/Library/PrivateFrameworks/CorePhoneNumbers.framework/Versions/A/CorePhoneNumbers
0x000000001b4f8000 	/System/Library/PrivateFrameworks/DiskManagement.framework/Versions/A/DiskManagement
0x000000001b4f8000 	/System/Library/PrivateFrameworks/AppleIDAuthSupport.framework/Versions/A/AppleIDAuthSupport
0x000000001b4f8000 	/System/Library/PrivateFrameworks/AAAFoundation.framework/Versions/A/AAAFoundation
0x000000001b4f8000 	/System/Library/PrivateFrameworks/KeychainCircle.framework/Versions/A/KeychainCircle
0x000000001b4f8000 	/System/Library/PrivateFrameworks/MediaKit.framework/Versions/A/MediaKit
0x000000001b4f8000 	/System/Library/Frameworks/DiscRecording.framework/Versions/A/DiscRecording
0x000000001b4f8000 	/usr/lib/libCoreStorage.dylib
0x000000001b4f8000 	/usr/lib/libcsfde.dylib
0x000000001b4f8000 	/System/Library/PrivateFrameworks/ProtectedCloudStorage.framework/Versions/A/ProtectedCloudStorage
0x000000001b4f8000 	/System/Library/PrivateFrameworks/EFILogin.framework/Versions/A/EFILogin
0x000000001b4f8000 	/System/Library/PrivateFrameworks/OctagonTrust.framework/Versions/A/OctagonTrust
0x000000001b4f8000 	/System/Library/PrivateFrameworks/CoreUtilsExtras.framework/Versions/A/CoreUtilsExtras
0x000000001b4f8000 	/System/Library/Frameworks/CoreBluetooth.framework/Versions/A/CoreBluetooth
0x000000001b4f8000 	/System/Library/Frameworks/AudioUnit.framework/Versions/A/AudioUnit
0x000000001b4f8000 	/usr/lib/libMatch.1.dylib
0x000000001b4f8000 	/System/Library/CoreServices/RawCamera.bundle/Contents/MacOS/RawCamera
0x000000001b4f8000 	/System/Library/PrivateFrameworks/MobileAsset.framework/Versions/A/MobileAsset
0x000000001b4f8000 	/System/Library/PrivateFrameworks/StreamingZip.framework/Versions/A/StreamingZip
0x000000001b4f8000 	/System/Library/PrivateFrameworks/CMPhoto.framework/Versions/A/CMPhoto
0x000000001b4f8000 	/System/Library/PrivateFrameworks/AppleVPA.framework/Versions/A/AppleVPA
0x000000001b4f8000 	/System/Library/Frameworks/MediaToolbox.framework/Versions/A/MediaToolbox
0x000000001b4f8000 	/System/Library/PrivateFrameworks/CoreAVCHD.framework/Versions/A/CoreAVCHD
0x000000001b4f8000 	/System/Library/Frameworks/MediaAccessibility.framework/Versions/A/MediaAccessibility
0x000000001b4f8000 	/System/Library/PrivateFrameworks/Mangrove.framework/Versions/A/Mangrove
0x000000001b4f8000 	/System/Library/PrivateFrameworks/AlgosScoreFramework.framework/Versions/A/AlgosScoreFramework
0x000000001b4f8000 	/System/Library/PrivateFrameworks/CoreAUC.framework/Versions/A/CoreAUC
0x000000001b4f8000 	/System/Library/Frameworks/Accelerate.framework/Versions/A/Frameworks/vImage.framework/Versions/A/Libraries/libCGInterfaces.dylib
0x0000000128de6000 	/usr/lib/libobjc-trampolines.dylib
0x000000001b4f8000 	/System/Library/PrivateFrameworks/FamilyControls.framework/Versions/A/FamilyControls
0x000000001b4f8000 	/System/Library/PrivateFrameworks/CommerceKit.framework/Versions/A/Frameworks/CommerceCore.framework/Versions/A/CommerceCore
0x000000001b4f8000 	/System/Library/PrivateFrameworks/SystemAdministration.framework/Versions/A/SystemAdministration
0x000000001b4f8000 	/System/Library/PrivateFrameworks/AppContainer.framework/Versions/A/AppContainer
0x000000001b4f8000 	/System/Library/PrivateFrameworks/SecCodeWrapper.framework/Versions/A/SecCodeWrapper
0x000000001b4f8000 	/System/Library/PrivateFrameworks/CrashReporterSupport.framework/Versions/A/CrashReporterSupport
0x000000001b4f8000 	/System/Library/PrivateFrameworks/OSAnalytics.framework/Versions/A/OSAnalytics
0x000000001b4f8000 	/System/Library/PrivateFrameworks/Symbolication.framework/Versions/A/Symbolication
0x000000001b4f8000 	/System/Library/PrivateFrameworks/MallocStackLogging.framework/Versions/A/MallocStackLogging
0x000000001b4f8000 	/System/Library/PrivateFrameworks/login.framework/Versions/A/login
0x000000001b4f8000 	/System/Library/Frameworks/DirectoryService.framework/Versions/A/DirectoryService
0x000000001b4f8000 	/System/Library/PrivateFrameworks/DiskImages.framework/Versions/A/DiskImages
0x000000001b4f8000 	/System/Library/Frameworks/ServiceManagement.framework/Versions/A/ServiceManagement
0x000000001b4f8000 	/System/Library/PrivateFrameworks/LoginUIKit.framework/Versions/A/Frameworks/LoginUICore.framework/Versions/A/LoginUICore
0x000000001b4f8000 	/usr/lib/libodfde.dylib
0x000000001b4f8000 	/usr/lib/libcurl.4.dylib
0x000000001b4f8000 	/usr/lib/libcrypto.46.dylib
0x000000001b4f8000 	/usr/lib/libssl.48.dylib
0x000000001b4f8000 	/System/Library/Frameworks/LDAP.framework/Versions/A/LDAP
0x000000001b4f8000 	/System/Library/PrivateFrameworks/TrustEvaluationAgent.framework/Versions/A/TrustEvaluationAgent
0x000000001b4f8000 	/usr/lib/libsasl2.2.dylib
0x000000001b4f8000 	/System/Library/PrivateFrameworks/CoreDaemon.framework/Versions/B/CoreDaemon
0x000000001b4f8000 	/System/Library/PrivateFrameworks/AppleSRP.framework/Versions/A/AppleSRP
0x000000001b4f8000 	/System/Library/PrivateFrameworks/ViewBridge.framework/Versions/A/ViewBridge
0x000000012a812000 	/Library/Java/JavaVirtualMachines/jdk-1.8.0_102.jdk/Contents/Home/jre/lib/libsunec.dylib
0x000000012c47d000 	/Library/Java/JavaVirtualMachines/jdk-1.8.0_102.jdk/Contents/Home/jre/lib/libfontmanager.dylib
0x000000012c804000 	/Users/jellylab/.gradle/caches/minecraft/net/minecraft/natives/1.8.9/liblwjgl.dylib
0x000000012c41a000 	/Library/Java/JavaVirtualMachines/jdk-1.8.0_102.jdk/Contents/Home/jre/lib/libjawt.dylib
0x000000001b4f8000 	/System/Library/Frameworks/OpenGL.framework/Versions/A/Resources/GLEngine.bundle/GLEngine
0x000000001b4f8000 	/System/Library/Frameworks/OpenGL.framework/Versions/A/Libraries/libGLProgrammability.dylib
0x000000012d1b0000 	/System/Library/Extensions/AppleMetalOpenGLRenderer.bundle/Contents/MacOS/AppleMetalOpenGLRenderer
0x000000001b4f8000 	/System/Library/Frameworks/OpenGL.framework/Versions/A/Resources/GLRendererFloat.bundle/GLRendererFloat
0x000000001b4f8000 	/System/Library/Extensions/AGXMetalG13X.bundle/Contents/MacOS/AGXMetalG13X
0x000000001b4f8000 	/System/Library/PrivateFrameworks/GPURawCounter.framework/Versions/A/GPURawCounter
0x000000001b4f8000 	/System/Library/PrivateFrameworks/IOGPU.framework/Versions/A/IOGPU

VM Arguments:
jvm_args: -agentlib:jdwp=transport=dt_socket,address=127.0.0.1:51949,suspend=y,server=n -javaagent:/Users/jellylab/.gradle/caches/modules-2/files-2.1/org.jetbrains.kotlinx/kotlinx-coroutines-core-jvm/1.6.0/f3b8fd26c2e76d2f18cbc36aacb6e349fcb9fd5f/kotlinx-coroutines-core-jvm-1.6.0.jar -javaagent:/Users/jellylab/Library/Caches/JetBrains/IdeaIC2022.3/captureAgent/debugger-agent.jar -Dfile.encoding=UTF-8 
java_command: GradleStart --mixin mixins.forager.json --tweakClass cc.polyfrost.oneconfig.loader.stage0.LaunchWrapperTweaker
java_class_path (initial): /Library/Java/JavaVirtualMachines/jdk-1.8.0_102.jdk/Contents/Home/jre/lib/charsets.jar:/Library/Java/JavaVirtualMachines/jdk-1.8.0_102.jdk/Contents/Home/jre/lib/deploy.jar:/Library/Java/JavaVirtualMachines/jdk-1.8.0_102.jdk/Contents/Home/jre/lib/ext/cldrdata.jar:/Library/Java/JavaVirtualMachines/jdk-1.8.0_102.jdk/Contents/Home/jre/lib/ext/dnsns.jar:/Library/Java/JavaVirtualMachines/jdk-1.8.0_102.jdk/Contents/Home/jre/lib/ext/jaccess.jar:/Library/Java/JavaVirtualMachines/jdk-1.8.0_102.jdk/Contents/Home/jre/lib/ext/jfxrt.jar:/Library/Java/JavaVirtualMachines/jdk-1.8.0_102.jdk/Contents/Home/jre/lib/ext/localedata.jar:/Library/Java/JavaVirtualMachines/jdk-1.8.0_102.jdk/Contents/Home/jre/lib/ext/nashorn.jar:/Library/Java/JavaVirtualMachines/jdk-1.8.0_102.jdk/Contents/Home/jre/lib/ext/sunec.jar:/Library/Java/JavaVirtualMachines/jdk-1.8.0_102.jdk/Contents/Home/jre/lib/ext/sunjce_provider.jar:/Library/Java/JavaVirtualMachines/jdk-1.8.0_102.jdk/Contents/Home/jre/lib/ext/sunpkcs11.jar:/Library/Java/JavaVirtualMachines/jdk-1.8.0_102.jdk/Contents/Home/jre/lib/ext/zipfs.jar:/Library/Java/JavaVirtualMachines/jdk-1.8.0_102.jdk/Contents/Home/jre/lib/javaws.jar:/Library/Java/JavaVirtualMachines/jdk-1.8.0_102.jdk/Contents/Home/jre/lib/jce.jar:/Library/Java/JavaVirtualMachines/jdk-1.8.0_102.jdk/Contents/Home/jre/lib/jfr.jar:/Library/Java/JavaVirtualMachines/jdk-1.8.0_102.jdk/Contents/Home/jre/lib/jfxswt.jar:/Library/Java/JavaVirtualMachines/jdk-1.8.0_102.jdk/Contents/Home/jre/lib/jsse.jar:/Library/Java/JavaVirtualMachines/jdk-1.8.0_102.jdk/Contents/Home/jre/lib/management-agent.jar:/Library/Java/JavaVirtualMachines/jdk-1.8.0_102.jdk/Contents/Home/jre/lib/plugin.jar:/Library/Java/JavaVirtualMachines/jdk-1.8.0_102.jdk/Contents/Home/jre/lib/resources.jar:/Library/Java/JavaVirtualMachines/jdk-1.8.0_102.jdk/Contents/Home/jre/lib/rt.jar:/Users/jellylab/Desktop/Forge Modding/NeuralTrainer/build/classes/java/main:/Users/jellylab/Desktop/Forge Modding/NeuralTrainer
Launcher Type: SUN_STANDARD

Environment Variables:
JAVA_HOME=/Library/Java/JavaVirtualMachines/jdk-1.8.0_102.jdk/Contents/Home
CLASSPATH=.:/Library/Java/JavaVirtualMachines/jdk-1.8.0_102.jdk/Contents/Home/lib/tools.jar
PATH=/Library/Java/JavaVirtualMachines/jdk1.8.0_102.jdk/Contents/Home/bin:/usr/local/bin:/usr/bin:/bin:/usr/sbin:/sbin:/opt/homebrew/bin:/opt/homebrew/bin:/opt/homebrew/bin
SHELL=/bin/zsh

Signal Handlers:
SIGSEGV: [libjvm.dylib+0x5b0579], sa_mask[0]=11111111111111111111111111111111, sa_flags=SA_ONSTACK|SA_RESTART|SA_SIGINFO
SIGBUS: [libjvm.dylib+0x5b0579], sa_mask[0]=11111111111111111111111111111111, sa_flags=SA_RESTART|SA_SIGINFO
SIGFPE: [libjvm.dylib+0x4874e4], sa_mask[0]=11111111111111111111111111111111, sa_flags=SA_RESTART|SA_SIGINFO
SIGPIPE: [libjvm.dylib+0x4874e4], sa_mask[0]=11111111111111111111111111111111, sa_flags=SA_RESTART|SA_SIGINFO
SIGXFSZ: [libjvm.dylib+0x4874e4], sa_mask[0]=11111111111111111111111111111111, sa_flags=SA_RESTART|SA_SIGINFO
SIGILL: [libjvm.dylib+0x4874e4], sa_mask[0]=11111111111111111111111111111111, sa_flags=SA_RESTART|SA_SIGINFO
SIGUSR1: SIG_DFL, sa_mask[0]=00000000000000000000000000000000, sa_flags=none
SIGUSR2: [libjvm.dylib+0x487002], sa_mask[0]=00100000000000000000000000000000, sa_flags=SA_RESTART|SA_SIGINFO
SIGHUP: [libjvm.dylib+0x4855d9], sa_mask[0]=11111111111111111111111111111111, sa_flags=SA_RESTART|SA_SIGINFO
SIGINT: [libjvm.dylib+0x4855d9], sa_mask[0]=11111111111111111111111111111111, sa_flags=SA_RESTART|SA_SIGINFO
SIGTERM: [libjvm.dylib+0x4855d9], sa_mask[0]=11111111111111111111111111111111, sa_flags=SA_RESTART|SA_SIGINFO
SIGQUIT: [libjvm.dylib+0x4855d9], sa_mask[0]=11111111111111111111111111111111, sa_flags=SA_RESTART|SA_SIGINFO


---------------  S Y S T E M  ---------------

OS:Bsduname:Darwin 21.4.0 Darwin Kernel Version 21.4.0: Mon Feb 21 20:35:58 PST 2022; root:xnu-8020.101.4~2/RELEASE_ARM64_T6000 x86_64
rlimit: STACK 8176k, CORE 0k, NPROC 2666, NOFILE 10240, AS infinity
load average:7.86 5.59 4.84

CPU:total 10 (1 cores per cpu, 1 threads per core) family 6 model 44 stepping 0, cmov, cx8, fxsr, mmx, sse, sse2, sse3, ssse3, sse4.1, sse4.2, popcnt, aes, clmul, tsc, tscinvbit, tscinv

Memory: 4k page, physical 16777216k(48824k free)

/proc/meminfo:


vm_info: Java HotSpot(TM) 64-Bit Server VM (25.102-b14) for bsd-amd64 JRE (1.8.0_102-b14), built on Jun 22 2016 11:42:36 by "java_re" with gcc 4.2.1 (Based on Apple Inc. build 5658) (LLVM build 2336.11.00)

time: Fri Apr 28 00:19:06 2023
elapsed time: 14 seconds (0d 0h 0m 14s)

