#
# A fatal error has been detected by the Java Runtime Environment:
#
#  SIGSEGV (0xb) at pc=0x00007ff81b6af33f, pid=34050, tid=0x0000000000001703
#
# JRE version: Java(TM) SE Runtime Environment (8.0_102-b14) (build 1.8.0_102-b14)
# Java VM: Java HotSpot(TM) 64-Bit Server VM (25.102-b14 mixed mode bsd-amd64 compressed oops)
# Problematic frame:
# C  [libobjc.A.dylib+0x933f]  objc_release+0x1f
#
# Failed to write core dump. Core dumps have been disabled. To enable core dumping, try "ulimit -c unlimited" before starting Java again
#
# If you would like to submit a bug report, please visit:
#   http://bugreport.java.com/bugreport/crash.jsp
# The crash happened outside the Java Virtual Machine in native code.
# See problematic frame for where to report the bug.
#

---------------  T H R E A D  ---------------

Current thread (0x00007f906200a000):  JavaThread "Client thread" [_thread_in_native, id=5891, stack(0x0000000309262000,0x0000000309362000)]

siginfo: si_signo: 11 (SIGSEGV), si_code: 1 (SEGV_MAPERR), si_addr: 0x000079bd4bce2870

Registers:
RAX=0x000079bd4bce2850, RBX=0x0000000000000001, RCX=0x000079bd4bce2850, RDX=0x0000000000000009
RSP=0x000000030935ff48, RBP=0x000000030935ff80, RSI=0x00007ff835ee336d, RDI=0x0000600002bd2850
R8 =0x0000000000000010, R9 =0x000060000190d910, R10=0x000000012ea13c68, R11=0x00007ff81e2081c4
R12=0x0000600002bd2850, R13=0xa3a3a3a3a3a3a3a3, R14=0x00007f906000b070, R15=0x00007f906000b000
RIP=0x00007ff81b6af33f, EFLAGS=0x0000000000000246, ERR=0x0000000000000004
  TRAPNO=0x000000000000000e

Top of Stack: (sp=0x000000030935ff48)
0x000000030935ff48:   00007ff81b6b33da f49c0517f95900bc
0x000000030935ff58:   00007f906000b000 0000000000000000
0x000000030935ff68:   000000012f37ecc0 00007ff835ee336d
0x000000030935ff78:   0000600002b5eaf0 000000030935ffa0
0x000000030935ff88:   00007ff81b6b025f f49c0517f95900bc
0x000000030935ff98:   00007f906000b070 000000030935ffc0
0x000000030935ffa8:   00007ff81b8a1822 f49c0517f95900bc
0x000000030935ffb8:   000000012f37ecc8 0000000309360000
0x000000030935ffc8:   00007ff81c627d21 0000000309360000
0x000000030935ffd8:   000000012e9ebe0f f49c0517f95900bc
0x000000030935ffe8:   000000012f37ecc8 0000000309360088
0x000000030935fff8:   00007f906200a000 0000000309360060
0x0000000309360008:   000000010dcd5414 000000010dce13a3
0x0000000309360018:   000000010dcd5162 0000000309360020
0x0000000309360028:   000000012f37ecc0 0000000309360088
0x0000000309360038:   000000012f37f228 0000000000000000
0x0000000309360048:   000000012f37ecc8 0000000000000000
0x0000000309360058:   0000000309360080 00000003093600d0
0x0000000309360068:   000000010dcc62bd 000000077c027820
0x0000000309360078:   000000010dccf538 000000077c1c7640
0x0000000309360088:   000000077b19f448 0000000309360090
0x0000000309360098:   000000012f37ebc7 0000000309360100
0x00000003093600a8:   000000012f37f228 0000000000000000
0x00000003093600b8:   000000012f37ec38 0000000309360080
0x00000003093600c8:   00000003093600f0 0000000309360158
0x00000003093600d8:   000000010dcc6302 0000000000000000
0x00000003093600e8:   000000077b19f448 000000077c1c7640
0x00000003093600f8:   000000077b19f390 000000077c0295c8
0x0000000309360108:   000000010dcd12e7 000000077c0295d8
0x0000000309360118:   0000000309360108 000000012f37c77e
0x0000000309360128:   0000000309360168 000000012f37d828
0x0000000309360138:   0000000000000000 000000012f37c7b0 

Instructions: (pc=0x00007ff81b6af33f)
0x00007ff81b6af31f:   c3 48 85 ff 74 76 89 f8 83 e0 01 48 85 c0 75 6c
0x00007ff81b6af32f:   48 8b 07 48 b9 f8 ff ff ff ff 7f 00 00 48 21 c1
0x00007ff81b6af33f:   48 8b 51 20 f6 c2 04 74 54 a8 01 74 72 48 b9 00
0x00007ff81b6af34f:   00 00 00 00 00 80 00 48 ba 00 00 00 00 00 00 00 

Register to memory mapping:

RAX=0x000079bd4bce2850 is an unknown value
RBX=0x0000000000000001 is an unknown value
RCX=0x000079bd4bce2850 is an unknown value
RDX=0x0000000000000009 is an unknown value
RSP=0x000000030935ff48 is pointing into the stack for thread: 0x00007f906200a000
RBP=0x000000030935ff80 is pointing into the stack for thread: 0x00007f906200a000
RSI=0x00007ff835ee336d: <offset 0x1a83d36d> in /usr/lib/libobjc.A.dylib at 0x00007ff81b6a6000
RDI=0x0000600002bd2850 is an unknown value
R8 =0x0000000000000010 is an unknown value
R9 =0x000060000190d910 is an unknown value
R10=0x000000012ea13c68: OBJC_CLASS_$_MacOSXOpenGLView+0 in /Users/jellylab/.gradle/caches/minecraft/net/minecraft/natives/1.8.9/liblwjgl.dylib at 0x000000012e9d6000
R11=0x00007ff81e2081c4: -[NSResponder release]+0 in /System/Library/Frameworks/AppKit.framework/Versions/C/AppKit at 0x00007ff81e1fd000
R12=0x0000600002bd2850 is an unknown value
R13=0xa3a3a3a3a3a3a3a3 is an unknown value
R14=0x00007f906000b070 is an unknown value
R15=0x00007f906000b000 is an unknown value


Stack: [0x0000000309262000,0x0000000309362000],  sp=0x000000030935ff48,  free space=1015k
Native frames: (J=compiled Java code, j=interpreted, Vv=VM code, C=native code)
C  [libobjc.A.dylib+0x933f]  objc_release+0x1f
C  [libobjc.A.dylib+0xa25f]  objc_autoreleasePoolPop+0xa8
C  [CoreFoundation+0x41822]  _CFAutoreleasePoolPop+0x16
C  [Foundation+0x1ed21]  -[NSAutoreleasePool release]+0x85
j  org.lwjgl.opengl.MacOSXContextImplementation.setView(Ljava/nio/ByteBuffer;Ljava/nio/ByteBuffer;)V+0
j  org.lwjgl.opengl.MacOSXContextImplementation.makeCurrent(Lorg/lwjgl/opengl/PeerInfo;Ljava/nio/ByteBuffer;)V+7
j  org.lwjgl.opengl.ContextGL.makeCurrent()V+46
j  org.lwjgl.opengl.DrawableGL.makeCurrent()V+14
j  org.lwjgl.opengl.Display.makeCurrent()V+3
j  org.lwjgl.opengl.Display.makeCurrentAndSetSwapInterval()V+0
j  org.lwjgl.opengl.Display.create(Lorg/lwjgl/opengl/PixelFormat;Lorg/lwjgl/opengl/Drawable;Lorg/lwjgl/opengl/ContextAttribs;)V+110
j  org.lwjgl.opengl.Display.create(Lorg/lwjgl/opengl/PixelFormat;)V+12
j  net.minecraft.client.Minecraft.createDisplay()V+22
j  net.minecraft.client.Minecraft.startGame()V+130
j  net.minecraft.client.Minecraft.run()V+6
j  net.minecraft.client.main.Main.main([Ljava/lang/String;)V+1068
v  ~StubRoutines::call_stub
V  [libjvm.dylib+0x2ed5e2]
V  [libjvm.dylib+0x4d1f7c]
V  [libjvm.dylib+0x4d24b0]
V  [libjvm.dylib+0x3459ec]
j  sun.reflect.NativeMethodAccessorImpl.invoke0(Ljava/lang/reflect/Method;Ljava/lang/Object;[Ljava/lang/Object;)Ljava/lang/Object;+0
j  sun.reflect.NativeMethodAccessorImpl.invoke(Ljava/lang/Object;[Ljava/lang/Object;)Ljava/lang/Object;+100
J 1668 C1 sun.reflect.DelegatingMethodAccessorImpl.invoke(Ljava/lang/Object;[Ljava/lang/Object;)Ljava/lang/Object; (10 bytes) @ 0x000000010e26b8cc [0x000000010e26b7c0+0x10c]
J 1667 C1 java.lang.reflect.Method.invoke(Ljava/lang/Object;[Ljava/lang/Object;)Ljava/lang/Object; (62 bytes) @ 0x000000010e26725c [0x000000010e266e60+0x3fc]
j  net.minecraft.launchwrapper.Launch.launch([Ljava/lang/String;)V+661
j  net.minecraft.launchwrapper.Launch.main([Ljava/lang/String;)V+8
v  ~StubRoutines::call_stub
V  [libjvm.dylib+0x2ed5e2]
V  [libjvm.dylib+0x4d1f7c]
V  [libjvm.dylib+0x4d24b0]
V  [libjvm.dylib+0x3459ec]
j  sun.reflect.NativeMethodAccessorImpl.invoke0(Ljava/lang/reflect/Method;Ljava/lang/Object;[Ljava/lang/Object;)Ljava/lang/Object;+0
j  sun.reflect.NativeMethodAccessorImpl.invoke(Ljava/lang/Object;[Ljava/lang/Object;)Ljava/lang/Object;+100
j  sun.reflect.DelegatingMethodAccessorImpl.invoke(Ljava/lang/Object;[Ljava/lang/Object;)Ljava/lang/Object;+6
j  java.lang.reflect.Method.invoke(Ljava/lang/Object;[Ljava/lang/Object;)Ljava/lang/Object;+56
j  net.minecraftforge.gradle.GradleStartCommon.launch([Ljava/lang/String;)V+169
j  GradleStart.main([Ljava/lang/String;)V+11
v  ~StubRoutines::call_stub
V  [libjvm.dylib+0x2ed5e2]
V  [libjvm.dylib+0x3243da]
V  [libjvm.dylib+0x31d151]
C  [java+0x3931]  JavaMain+0x9c4
C  [libsystem_pthread.dylib+0x64e1]  _pthread_start+0x7d
C  [libsystem_pthread.dylib+0x1f6b]  thread_start+0xf
C  0x0000000000000000

Java frames: (J=compiled Java code, j=interpreted, Vv=VM code)
j  org.lwjgl.opengl.MacOSXContextImplementation.setView(Ljava/nio/ByteBuffer;Ljava/nio/ByteBuffer;)V+0
j  org.lwjgl.opengl.MacOSXContextImplementation.makeCurrent(Lorg/lwjgl/opengl/PeerInfo;Ljava/nio/ByteBuffer;)V+7
j  org.lwjgl.opengl.ContextGL.makeCurrent()V+46
j  org.lwjgl.opengl.DrawableGL.makeCurrent()V+14
j  org.lwjgl.opengl.Display.makeCurrent()V+3
j  org.lwjgl.opengl.Display.makeCurrentAndSetSwapInterval()V+0
j  org.lwjgl.opengl.Display.create(Lorg/lwjgl/opengl/PixelFormat;Lorg/lwjgl/opengl/Drawable;Lorg/lwjgl/opengl/ContextAttribs;)V+110
j  org.lwjgl.opengl.Display.create(Lorg/lwjgl/opengl/PixelFormat;)V+12
j  net.minecraft.client.Minecraft.createDisplay()V+22
j  net.minecraft.client.Minecraft.startGame()V+130
j  net.minecraft.client.Minecraft.run()V+6
j  net.minecraft.client.main.Main.main([Ljava/lang/String;)V+1068
v  ~StubRoutines::call_stub
j  sun.reflect.NativeMethodAccessorImpl.invoke0(Ljava/lang/reflect/Method;Ljava/lang/Object;[Ljava/lang/Object;)Ljava/lang/Object;+0
j  sun.reflect.NativeMethodAccessorImpl.invoke(Ljava/lang/Object;[Ljava/lang/Object;)Ljava/lang/Object;+100
J 1668 C1 sun.reflect.DelegatingMethodAccessorImpl.invoke(Ljava/lang/Object;[Ljava/lang/Object;)Ljava/lang/Object; (10 bytes) @ 0x000000010e26b8cc [0x000000010e26b7c0+0x10c]
J 1667 C1 java.lang.reflect.Method.invoke(Ljava/lang/Object;[Ljava/lang/Object;)Ljava/lang/Object; (62 bytes) @ 0x000000010e26725c [0x000000010e266e60+0x3fc]
j  net.minecraft.launchwrapper.Launch.launch([Ljava/lang/String;)V+661
j  net.minecraft.launchwrapper.Launch.main([Ljava/lang/String;)V+8
v  ~StubRoutines::call_stub
j  sun.reflect.NativeMethodAccessorImpl.invoke0(Ljava/lang/reflect/Method;Ljava/lang/Object;[Ljava/lang/Object;)Ljava/lang/Object;+0
j  sun.reflect.NativeMethodAccessorImpl.invoke(Ljava/lang/Object;[Ljava/lang/Object;)Ljava/lang/Object;+100
j  sun.reflect.DelegatingMethodAccessorImpl.invoke(Ljava/lang/Object;[Ljava/lang/Object;)Ljava/lang/Object;+6
j  java.lang.reflect.Method.invoke(Ljava/lang/Object;[Ljava/lang/Object;)Ljava/lang/Object;+56
j  net.minecraftforge.gradle.GradleStartCommon.launch([Ljava/lang/String;)V+169
j  GradleStart.main([Ljava/lang/String;)V+11
v  ~StubRoutines::call_stub

---------------  P R O C E S S  ---------------

Java Threads: ( => current thread )
  0x00007f8feabfd000 JavaThread "AWT-Shutdown" [_thread_blocked, id=71543, stack(0x000000030a937000,0x000000030aa37000)]
  0x00007f90627fc000 JavaThread "Timer hack thread" daemon [_thread_blocked, id=72027, stack(0x0000000309f89000,0x000000030a089000)]
  0x00007f9060a53000 JavaThread "Snooper Timer" daemon [_thread_blocked, id=85771, stack(0x000000030aee4000,0x000000030afe4000)]
  0x00007f8fecbbe800 JavaThread "Snooper Timer" daemon [_thread_blocked, id=15155, stack(0x000000030ade1000,0x000000030aee1000)]
  0x00007f90624f3800 JavaThread "AppKit Thread" daemon [_thread_in_native, id=259, stack(0x00000003089de000,0x00000003091de000)]
  0x00007f9060069000 JavaThread "Service Thread" daemon [_thread_blocked, id=23563, stack(0x000000030a731000,0x000000030a831000)]
  0x00007f9028008800 JavaThread "C1 CompilerThread3" daemon [_thread_blocked, id=23047, stack(0x000000030a62e000,0x000000030a72e000)]
  0x00007f9063029800 JavaThread "C2 CompilerThread2" daemon [_thread_blocked, id=22535, stack(0x000000030a52b000,0x000000030a62b000)]
  0x00007f906239e000 JavaThread "C2 CompilerThread1" daemon [_thread_blocked, id=42243, stack(0x000000030a428000,0x000000030a528000)]
  0x00007f9061847800 JavaThread "C2 CompilerThread0" daemon [_thread_in_native, id=22019, stack(0x000000030a325000,0x000000030a425000)]
  0x00007f9061844800 JavaThread "Monitor Ctrl-Break" daemon [_thread_in_native, id=43275, stack(0x000000030a222000,0x000000030a322000)]
  0x00007f9063017000 JavaThread "Signal Dispatcher" daemon [_thread_blocked, id=16131, stack(0x000000030a11f000,0x000000030a21f000)]
  0x00007f9060815800 JavaThread "Finalizer" daemon [_thread_blocked, id=14111, stack(0x0000000309e86000,0x0000000309f86000)]
  0x00007f906203a000 JavaThread "Reference Handler" daemon [_thread_blocked, id=13859, stack(0x0000000309d83000,0x0000000309e83000)]
=>0x00007f906200a000 JavaThread "Client thread" [_thread_in_native, id=5891, stack(0x0000000309262000,0x0000000309362000)]

Other Threads:
  0x00007f906182c800 VMThread [stack: 0x0000000309c80000,0x0000000309d80000] [id=13571]
  0x00007f9061845800 WatcherThread [stack: 0x000000030a834000,0x000000030a934000] [id=24339]

VM state:not at safepoint (normal execution)

VM Mutex/Monitor currently owned by a thread: None

Heap:
 PSYoungGen      total 645632K, used 322447K [0x000000076ab00000, 0x0000000795f80000, 0x00000007c0000000)
  eden space 611328K, 47% used [0x000000076ab00000,0x000000077c46a830,0x0000000790000000)
  from space 34304K, 99% used [0x0000000793e00000,0x0000000795f79678,0x0000000795f80000)
  to   space 44032K, 0% used [0x0000000790980000,0x0000000790980000,0x0000000793480000)
 ParOldGen       total 142848K, used 51051K [0x00000006c0000000, 0x00000006c8b80000, 0x000000076ab00000)
  object space 142848K, 35% used [0x00000006c0000000,0x00000006c31dac38,0x00000006c8b80000)
 Metaspace       used 29217K, capacity 29498K, committed 29696K, reserved 1075200K
  class space    used 3715K, capacity 3840K, committed 3840K, reserved 1048576K

Card table byte_map: [0x000000010b3fe000,0x000000010bbff000] byte_map_base: 0x0000000107dfe000

Marking Bits: (ParMarkBitMap*) 0x000000010c725d20
 Begin Bits: [0x000000011d214000, 0x0000000121214000)
 End Bits:   [0x0000000121214000, 0x0000000125214000)

Polling page: 0x000000010aed5000

CodeCache: size=245760Kb used=16041Kb max_used=16060Kb free=229718Kb
 bounds [0x000000010dcbe000, 0x000000010ec8e000, 0x000000011ccbe000]
 total_blobs=4166 nmethods=3660 adapters=419
 compilation: enabled

Compilation events (10 events):
Event: 14.021 Thread 0x00007f9028008800 4261       3       java.lang.reflect.Field::setFieldAccessor (34 bytes)
Event: 14.021 Thread 0x00007f9028008800 nmethod 4261 0x000000010e40dd90 code [0x000000010e40df20, 0x000000010e40e2a8]
Event: 14.029 Thread 0x00007f9061847800 4263       4       org.objectweb.asm.ClassWriter::toByteArray (1289 bytes)
Event: 14.031 Thread 0x00007f9063029800 4264       4       java.nio.Buffer::limit (62 bytes)
Event: 14.031 Thread 0x00007f9063029800 nmethod 4264 0x000000010e2d2b50 code [0x000000010e2d2ca0, 0x000000010e2d2d98]
Event: 14.033 Thread 0x00007f9063029800 4265       4       java.util.Formatter$Conversion::isValid (47 bytes)
Event: 14.033 Thread 0x00007f9028008800 4266       3       java.util.concurrent.locks.AbstractQueuedSynchronizer::setState (6 bytes)
Event: 14.034 Thread 0x00007f9028008800 nmethod 4266 0x000000010e2d2850 code [0x000000010e2d29a0, 0x000000010e2d2af0]
Event: 14.034 Thread 0x00007f9063029800 nmethod 4265 0x000000010e2d13d0 code [0x000000010e2d1720, 0x000000010e2d17c8]
Event: 14.054 Thread 0x00007f906239e000 nmethod 4257 0x000000010ec57710 code [0x000000010ec579e0, 0x000000010ec59660]

GC Heap History (10 events):
Event: 8.526 GC heap before
{Heap before GC invocations=8 (full 1):
 PSYoungGen      total 249856K, used 144452K [0x000000076ab00000, 0x000000077ed00000, 0x00000007c0000000)
  eden space 239104K, 55% used [0x000000076ab00000,0x0000000772d949d0,0x0000000779480000)
  from space 10752K, 99% used [0x000000077b580000,0x000000077bffc968,0x000000077c000000)
  to   space 33792K, 0% used [0x0000000779480000,0x0000000779480000,0x000000077b580000)
 ParOldGen       total 175104K, used 52535K [0x00000006c0000000, 0x00000006cab00000, 0x000000076ab00000)
  object space 175104K, 30% used [0x00000006c0000000,0x00000006c334de38,0x00000006cab00000)
 Metaspace       used 20864K, capacity 21134K, committed 21248K, reserved 1069056K
  class space    used 2418K, capacity 2524K, committed 2560K, reserved 1048576K
Event: 8.554 GC heap after
Heap after GC invocations=8 (full 1):
 PSYoungGen      total 272896K, used 16082K [0x000000076ab00000, 0x000000078bc00000, 0x00000007c0000000)
  eden space 239104K, 0% used [0x000000076ab00000,0x000000076ab00000,0x0000000779480000)
  from space 33792K, 47% used [0x0000000779480000,0x000000077a434958,0x000000077b580000)
  to   space 31744K, 0% used [0x0000000789d00000,0x0000000789d00000,0x000000078bc00000)
 ParOldGen       total 175104K, used 52535K [0x00000006c0000000, 0x00000006cab00000, 0x000000076ab00000)
  object space 175104K, 30% used [0x00000006c0000000,0x00000006c334de38,0x00000006cab00000)
 Metaspace       used 20864K, capacity 21134K, committed 21248K, reserved 1069056K
  class space    used 2418K, capacity 2524K, committed 2560K, reserved 1048576K
}
Event: 8.554 GC heap before
{Heap before GC invocations=9 (full 2):
 PSYoungGen      total 272896K, used 16082K [0x000000076ab00000, 0x000000078bc00000, 0x00000007c0000000)
  eden space 239104K, 0% used [0x000000076ab00000,0x000000076ab00000,0x0000000779480000)
  from space 33792K, 47% used [0x0000000779480000,0x000000077a434958,0x000000077b580000)
  to   space 31744K, 0% used [0x0000000789d00000,0x0000000789d00000,0x000000078bc00000)
 ParOldGen       total 175104K, used 52535K [0x00000006c0000000, 0x00000006cab00000, 0x000000076ab00000)
  object space 175104K, 30% used [0x00000006c0000000,0x00000006c334de38,0x00000006cab00000)
 Metaspace       used 20864K, capacity 21134K, committed 21248K, reserved 1069056K
  class space    used 2418K, capacity 2524K, committed 2560K, reserved 1048576K
Event: 8.612 GC heap after
Heap after GC invocations=9 (full 2):
 PSYoungGen      total 272896K, used 0K [0x000000076ab00000, 0x000000078bc00000, 0x00000007c0000000)
  eden space 239104K, 0% used [0x000000076ab00000,0x000000076ab00000,0x0000000779480000)
  from space 33792K, 0% used [0x0000000779480000,0x0000000779480000,0x000000077b580000)
  to   space 31744K, 0% used [0x0000000789d00000,0x0000000789d00000,0x000000078bc00000)
 ParOldGen       total 142848K, used 38858K [0x00000006c0000000, 0x00000006c8b80000, 0x000000076ab00000)
  object space 142848K, 27% used [0x00000006c0000000,0x00000006c25f2a58,0x00000006c8b80000)
 Metaspace       used 20864K, capacity 21134K, committed 21248K, reserved 1069056K
  class space    used 2418K, capacity 2524K, committed 2560K, reserved 1048576K
}
Event: 8.846 GC heap before
{Heap before GC invocations=10 (full 2):
 PSYoungGen      total 272896K, used 239104K [0x000000076ab00000, 0x000000078bc00000, 0x00000007c0000000)
  eden space 239104K, 100% used [0x000000076ab00000,0x0000000779480000,0x0000000779480000)
  from space 33792K, 0% used [0x0000000779480000,0x0000000779480000,0x000000077b580000)
  to   space 31744K, 0% used [0x0000000789d00000,0x0000000789d00000,0x000000078bc00000)
 ParOldGen       total 142848K, used 38858K [0x00000006c0000000, 0x00000006c8b80000, 0x000000076ab00000)
  object space 142848K, 27% used [0x00000006c0000000,0x00000006c25f2a58,0x00000006c8b80000)
 Metaspace       used 21121K, capacity 21326K, committed 21504K, reserved 1069056K
  class space    used 2458K, capacity 2524K, committed 2560K, reserved 1048576K
Event: 8.847 GC heap after
Heap after GC invocations=10 (full 2):
 PSYoungGen      total 396800K, used 466K [0x000000076ab00000, 0x0000000789d80000, 0x00000007c0000000)
  eden space 396288K, 0% used [0x000000076ab00000,0x000000076ab00000,0x0000000782e00000)
  from space 512K, 91% used [0x0000000789d00000,0x0000000789d74bf0,0x0000000789d80000)
  to   space 33280K, 0% used [0x0000000785c80000,0x0000000785c80000,0x0000000787d00000)
 ParOldGen       total 142848K, used 38866K [0x00000006c0000000, 0x00000006c8b80000, 0x000000076ab00000)
  object space 142848K, 27% used [0x00000006c0000000,0x00000006c25f4a58,0x00000006c8b80000)
 Metaspace       used 21121K, capacity 21326K, committed 21504K, reserved 1069056K
  class space    used 2458K, capacity 2524K, committed 2560K, reserved 1048576K
}
Event: 10.940 GC heap before
{Heap before GC invocations=11 (full 2):
 PSYoungGen      total 396800K, used 396754K [0x000000076ab00000, 0x0000000789d80000, 0x00000007c0000000)
  eden space 396288K, 100% used [0x000000076ab00000,0x0000000782e00000,0x0000000782e00000)
  from space 512K, 91% used [0x0000000789d00000,0x0000000789d74bf0,0x0000000789d80000)
  to   space 33280K, 0% used [0x0000000785c80000,0x0000000785c80000,0x0000000787d00000)
 ParOldGen       total 142848K, used 38866K [0x00000006c0000000, 0x00000006c8b80000, 0x000000076ab00000)
  object space 142848K, 27% used [0x00000006c0000000,0x00000006c25f4a58,0x00000006c8b80000)
 Metaspace       used 23667K, capacity 23926K, committed 24064K, reserved 1071104K
  class space    used 2704K, capacity 2814K, committed 2816K, reserved 1048576K
Event: 10.951 GC heap after
Heap after GC invocations=11 (full 2):
 PSYoungGen      total 477184K, used 22841K [0x000000076ab00000, 0x0000000795f80000, 0x00000007c0000000)
  eden space 443904K, 0% used [0x000000076ab00000,0x000000076ab00000,0x0000000785c80000)
  from space 33280K, 68% used [0x0000000785c80000,0x00000007872ce638,0x0000000787d00000)
  to   space 34304K, 0% used [0x0000000793e00000,0x0000000793e00000,0x0000000795f80000)
 ParOldGen       total 142848K, used 38874K [0x00000006c0000000, 0x00000006c8b80000, 0x000000076ab00000)
  object space 142848K, 27% used [0x00000006c0000000,0x00000006c25f6a58,0x00000006c8b80000)
 Metaspace       used 23667K, capacity 23926K, committed 24064K, reserved 1071104K
  class space    used 2704K, capacity 2814K, committed 2816K, reserved 1048576K
}
Event: 12.743 GC heap before
{Heap before GC invocations=12 (full 2):
 PSYoungGen      total 477184K, used 466745K [0x000000076ab00000, 0x0000000795f80000, 0x00000007c0000000)
  eden space 443904K, 100% used [0x000000076ab00000,0x0000000785c80000,0x0000000785c80000)
  from space 33280K, 68% used [0x0000000785c80000,0x00000007872ce638,0x0000000787d00000)
  to   space 34304K, 0% used [0x0000000793e00000,0x0000000793e00000,0x0000000795f80000)
 ParOldGen       total 142848K, used 38874K [0x00000006c0000000, 0x00000006c8b80000, 0x000000076ab00000)
  object space 142848K, 27% used [0x00000006c0000000,0x00000006c25f6a58,0x00000006c8b80000)
 Metaspace       used 26094K, capacity 26390K, committed 26624K, reserved 1073152K
  class space    used 3176K, capacity 3294K, committed 3328K, reserved 1048576K
Event: 12.770 GC heap after
Heap after GC invocations=12 (full 2):
 PSYoungGen      total 645632K, used 34277K [0x000000076ab00000, 0x0000000795f80000, 0x00000007c0000000)
  eden space 611328K, 0% used [0x000000076ab00000,0x000000076ab00000,0x0000000790000000)
  from space 34304K, 99% used [0x0000000793e00000,0x0000000795f79678,0x0000000795f80000)
  to   space 44032K, 0% used [0x0000000790980000,0x0000000790980000,0x0000000793480000)
 ParOldGen       total 142848K, used 51051K [0x00000006c0000000, 0x00000006c8b80000, 0x000000076ab00000)
  object space 142848K, 35% used [0x00000006c0000000,0x00000006c31dac38,0x00000006c8b80000)
 Metaspace       used 26094K, capacity 26390K, committed 26624K, reserved 1073152K
  class space    used 3176K, capacity 3294K, committed 3328K, reserved 1048576K
}

Deoptimization events (10 events):
Event: 13.417 Thread 0x00007f906200a000 Uncommon trap: reason=unstable_if action=reinterpret pc=0x000000010e774dc8 method=java.util.regex.Pattern$Branch.match(Ljava/util/regex/Matcher;ILjava/lang/CharSequence;)Z @ 35
Event: 13.461 Thread 0x00007f906200a000 Uncommon trap: reason=unstable_if action=reinterpret pc=0x000000010e781038 method=java.util.regex.Matcher.quoteReplacement(Ljava/lang/String;)Ljava/lang/String; @ 7
Event: 13.629 Thread 0x00007f906200a000 Uncommon trap: reason=unstable_if action=reinterpret pc=0x000000010e12ceb8 method=java.util.HashMap.hash(Ljava/lang/Object;)I @ 1
Event: 13.753 Thread 0x00007f906200a000 Uncommon trap: reason=bimorphic action=maybe_recompile pc=0x000000010e540f58 method=org.objectweb.asm.ClassReader.readAnnotationValue(I[CLjava/lang/String;Lorg/objectweb/asm/AnnotationVisitor;)I @ 1016
Event: 13.753 Thread 0x00007f906200a000 Uncommon trap: reason=bimorphic action=maybe_recompile pc=0x000000010e540f58 method=org.objectweb.asm.ClassReader.readAnnotationValue(I[CLjava/lang/String;Lorg/objectweb/asm/AnnotationVisitor;)I @ 1016
Event: 13.753 Thread 0x00007f906200a000 Uncommon trap: reason=bimorphic action=maybe_recompile pc=0x000000010e53fbac method=org.objectweb.asm.ClassReader.readAnnotationValue(I[CLjava/lang/String;Lorg/objectweb/asm/AnnotationVisitor;)I @ 325
Event: 13.753 Thread 0x00007f906200a000 Uncommon trap: reason=bimorphic action=maybe_recompile pc=0x000000010e540574 method=org.objectweb.asm.ClassReader.readAnnotationValue(I[CLjava/lang/String;Lorg/objectweb/asm/AnnotationVisitor;)I @ 1214
Event: 13.753 Thread 0x00007f906200a000 Uncommon trap: reason=bimorphic action=maybe_recompile pc=0x000000010e53fdb8 method=org.objectweb.asm.ClassReader.readAnnotationValue(I[CLjava/lang/String;Lorg/objectweb/asm/AnnotationVisitor;)I @ 483
Event: 13.754 Thread 0x00007f906200a000 Uncommon trap: reason=bimorphic action=maybe_recompile pc=0x000000010e540574 method=org.objectweb.asm.ClassReader.readAnnotationValue(I[CLjava/lang/String;Lorg/objectweb/asm/AnnotationVisitor;)I @ 1214
Event: 13.963 Thread 0x00007f906200a000 Uncommon trap: reason=predicate action=maybe_recompile pc=0x000000010e335a6c method=java.lang.String.regionMatches(ZILjava/lang/String;II)Z @ 63

Internal exceptions (10 events):
Event: 13.879 Thread 0x00007f906200a000 NullPointerException at vtable entry 0x000000010dde06a8
Event: 13.879 Thread 0x00007f906200a000 Exception <a 'java/lang/NullPointerException'> (0x000000077a4583e0) thrown at [/Users/java_re/workspace/8-2-build-macosx-x86_64/jdk8u102/7268/hotspot/src/share/vm/runtime/sharedRuntime.cpp, line 605]
Event: 13.879 Thread 0x00007f906200a000 NullPointerException at vtable entry 0x000000010dde06a8
Event: 13.879 Thread 0x00007f906200a000 Exception <a 'java/lang/NullPointerException'> (0x000000077a4674a0) thrown at [/Users/java_re/workspace/8-2-build-macosx-x86_64/jdk8u102/7268/hotspot/src/share/vm/runtime/sharedRuntime.cpp, line 605]
Event: 13.880 Thread 0x00007f906200a000 NullPointerException at vtable entry 0x000000010dde06a8
Event: 13.880 Thread 0x00007f906200a000 Exception <a 'java/lang/NullPointerException'> (0x000000077a48d9f8) thrown at [/Users/java_re/workspace/8-2-build-macosx-x86_64/jdk8u102/7268/hotspot/src/share/vm/runtime/sharedRuntime.cpp, line 605]
Event: 13.881 Thread 0x00007f906200a000 NullPointerException at vtable entry 0x000000010dde06a8
Event: 13.881 Thread 0x00007f906200a000 Exception <a 'java/lang/NullPointerException'> (0x000000077a4ab260) thrown at [/Users/java_re/workspace/8-2-build-macosx-x86_64/jdk8u102/7268/hotspot/src/share/vm/runtime/sharedRuntime.cpp, line 605]
Event: 13.881 Thread 0x00007f906200a000 NullPointerException at vtable entry 0x000000010dde06a8
Event: 13.881 Thread 0x00007f906200a000 Exception <a 'java/lang/NullPointerException'> (0x000000077a4ba720) thrown at [/Users/java_re/workspace/8-2-build-macosx-x86_64/jdk8u102/7268/hotspot/src/share/vm/runtime/sharedRuntime.cpp, line 605]

Events (10 events):
Event: 14.028 loading class org/lwjgl/opengl/ContextGL
Event: 14.028 loading class org/lwjgl/opengl/ContextGL done
Event: 14.032 loading class org/lwjgl/opengl/ContextImplementation
Event: 14.032 loading class org/lwjgl/opengl/ContextImplementation done
Event: 14.033 loading class org/lwjgl/opengl/MacOSXContextImplementation
Event: 14.033 loading class org/lwjgl/opengl/MacOSXContextImplementation done
Event: 14.035 loading class org/lwjgl/opengl/GLContext
Event: 14.035 loading class org/lwjgl/opengl/GLContext done
Event: 14.040 loading class org/lwjgl/opengl/GLContext$CapabilitiesCacheEntry
Event: 14.040 loading class org/lwjgl/opengl/GLContext$CapabilitiesCacheEntry done


Dynamic libraries:
0x000000001b4f8000 	/System/Library/Frameworks/Cocoa.framework/Versions/A/Cocoa
0x000000001b4f8000 	/System/Library/Frameworks/AppKit.framework/Versions/C/AppKit
0x000000001b4f8000 	/System/Library/Frameworks/CoreData.framework/Versions/A/CoreData
0x000000001b4f8000 	/System/Library/Frameworks/Foundation.framework/Versions/C/Foundation
0x000000001b4f8000 	/usr/lib/libSystem.B.dylib
0x000000001b4f8000 	/System/Library/PrivateFrameworks/UIFoundation.framework/Versions/A/UIFoundation
0x000000001b4f8000 	/System/Library/PrivateFrameworks/RemoteViewServices.framework/Versions/A/RemoteViewServices
0x000000001b4f8000 	/System/Library/PrivateFrameworks/XCTTargetBootstrap.framework/Versions/A/XCTTargetBootstrap
0x000000001b4f8000 	/System/Library/PrivateFrameworks/InternationalSupport.framework/Versions/A/InternationalSupport
0x000000001b4f8000 	/System/Library/PrivateFrameworks/UserActivity.framework/Versions/A/UserActivity
0x000000001b4f8000 	/usr/lib/libspindump.dylib
0x000000001b4f8000 	/System/Library/Frameworks/UniformTypeIdentifiers.framework/Versions/A/UniformTypeIdentifiers
0x000000001b4f8000 	/usr/lib/libapp_launch_measurement.dylib
0x000000001b4f8000 	/System/Library/PrivateFrameworks/CoreAnalytics.framework/Versions/A/CoreAnalytics
0x000000001b4f8000 	/System/Library/PrivateFrameworks/CoreAutoLayout.framework/Versions/A/CoreAutoLayout
0x000000001b4f8000 	/System/Library/Frameworks/Metal.framework/Versions/A/Metal
0x000000001b4f8000 	/usr/lib/liblangid.dylib
0x000000001b4f8000 	/System/Library/PrivateFrameworks/CoreSVG.framework/Versions/A/CoreSVG
0x000000001b4f8000 	/System/Library/PrivateFrameworks/SkyLight.framework/Versions/A/SkyLight
0x000000001b4f8000 	/System/Library/Frameworks/CoreGraphics.framework/Versions/A/CoreGraphics
0x000000001b4f8000 	/System/Library/Frameworks/Accelerate.framework/Versions/A/Accelerate
0x000000001b4f8000 	/System/Library/PrivateFrameworks/IconServices.framework/Versions/A/IconServices
0x000000001b4f8000 	/System/Library/Frameworks/IOSurface.framework/Versions/A/IOSurface
0x000000001b4f8000 	/usr/lib/libDiagnosticMessagesClient.dylib
0x000000001b4f8000 	/usr/lib/libz.1.dylib
0x000000001b4f8000 	/System/Library/Frameworks/ApplicationServices.framework/Versions/A/ApplicationServices
0x000000001b4f8000 	/System/Library/PrivateFrameworks/DFRFoundation.framework/Versions/A/DFRFoundation
0x000000001b4f8000 	/usr/lib/libicucore.A.dylib
0x000000001b4f8000 	/System/Library/Frameworks/AudioToolbox.framework/Versions/A/AudioToolbox
0x000000001b4f8000 	/System/Library/PrivateFrameworks/DataDetectorsCore.framework/Versions/A/DataDetectorsCore
0x000000001b4f8000 	/System/Library/PrivateFrameworks/TextInput.framework/Versions/A/TextInput
0x000000001b4f8000 	/usr/lib/libMobileGestalt.dylib
0x000000001b4f8000 	/System/Library/Frameworks/Carbon.framework/Versions/A/Frameworks/HIToolbox.framework/Versions/A/HIToolbox
0x000000001b4f8000 	/System/Library/Frameworks/QuartzCore.framework/Versions/A/QuartzCore
0x000000001b4f8000 	/System/Library/Frameworks/Security.framework/Versions/A/Security
0x000000001b4f8000 	/System/Library/Frameworks/Carbon.framework/Versions/A/Frameworks/SpeechRecognition.framework/Versions/A/SpeechRecognition
0x000000001b4f8000 	/System/Library/PrivateFrameworks/CoreUI.framework/Versions/A/CoreUI
0x000000001b4f8000 	/System/Library/Frameworks/CoreAudio.framework/Versions/A/CoreAudio
0x000000001b4f8000 	/System/Library/Frameworks/DiskArbitration.framework/Versions/A/DiskArbitration
0x000000001b4f8000 	/System/Library/PrivateFrameworks/MultitouchSupport.framework/Versions/A/MultitouchSupport
0x000000001b4f8000 	/usr/lib/libenergytrace.dylib
0x000000001b4f8000 	/System/Library/Frameworks/IOKit.framework/Versions/A/IOKit
0x000000001b4f8000 	/System/Library/Frameworks/CoreServices.framework/Versions/A/CoreServices
0x000000001b4f8000 	/System/Library/PrivateFrameworks/PerformanceAnalysis.framework/Versions/A/PerformanceAnalysis
0x000000001b4f8000 	/System/Library/Frameworks/OpenGL.framework/Versions/A/OpenGL
0x000000001b4f8000 	/System/Library/PrivateFrameworks/MobileKeyBag.framework/Versions/A/MobileKeyBag
0x000000001b4f8000 	/usr/lib/libobjc.A.dylib
0x000000001b4f8000 	/System/Library/Frameworks/ColorSync.framework/Versions/A/ColorSync
0x000000001b4f8000 	/System/Library/Frameworks/CoreFoundation.framework/Versions/A/CoreFoundation
0x000000001b4f8000 	/System/Library/Frameworks/CoreImage.framework/Versions/A/CoreImage
0x000000001b4f8000 	/System/Library/Frameworks/CoreText.framework/Versions/A/CoreText
0x000000001b4f8000 	/System/Library/Frameworks/ImageIO.framework/Versions/A/ImageIO
0x000000001b4f8000 	/System/Library/PrivateFrameworks/SoftLinking.framework/Versions/A/SoftLinking
0x000000001b4f8000 	/usr/lib/libxml2.2.dylib
0x000000001b4f8000 	/usr/lib/libc++.1.dylib
0x000000001b4f8000 	/usr/lib/libcompression.dylib
0x000000001b4f8000 	/System/Library/PrivateFrameworks/TextureIO.framework/Versions/A/TextureIO
0x000000001b4f8000 	/usr/lib/libate.dylib
0x000000001b4f8000 	/usr/lib/system/libcache.dylib
0x000000001b4f8000 	/usr/lib/system/libcommonCrypto.dylib
0x000000001b4f8000 	/usr/lib/system/libcompiler_rt.dylib
0x000000001b4f8000 	/usr/lib/system/libcopyfile.dylib
0x000000001b4f8000 	/usr/lib/system/libcorecrypto.dylib
0x000000001b4f8000 	/usr/lib/system/libdispatch.dylib
0x000000001b4f8000 	/usr/lib/system/libdyld.dylib
0x000000001b4f8000 	/usr/lib/system/libkeymgr.dylib
0x000000001b4f8000 	/usr/lib/system/libmacho.dylib
0x000000001b4f8000 	/usr/lib/system/libquarantine.dylib
0x000000001b4f8000 	/usr/lib/system/libremovefile.dylib
0x000000001b4f8000 	/usr/lib/system/libsystem_asl.dylib
0x000000001b4f8000 	/usr/lib/system/libsystem_blocks.dylib
0x000000001b4f8000 	/usr/lib/system/libsystem_c.dylib
0x000000001b4f8000 	/usr/lib/system/libsystem_collections.dylib
0x000000001b4f8000 	/usr/lib/system/libsystem_configuration.dylib
0x000000001b4f8000 	/usr/lib/system/libsystem_containermanager.dylib
0x000000001b4f8000 	/usr/lib/system/libsystem_coreservices.dylib
0x000000001b4f8000 	/usr/lib/system/libsystem_darwin.dylib
0x000000001b4f8000 	/usr/lib/system/libsystem_dnssd.dylib
0x000000001b4f8000 	/usr/lib/system/libsystem_featureflags.dylib
0x000000001b4f8000 	/usr/lib/system/libsystem_info.dylib
0x000000001b4f8000 	/usr/lib/system/libsystem_m.dylib
0x000000001b4f8000 	/usr/lib/system/libsystem_malloc.dylib
0x000000001b4f8000 	/usr/lib/system/libsystem_networkextension.dylib
0x000000001b4f8000 	/usr/lib/system/libsystem_notify.dylib
0x000000001b4f8000 	/usr/lib/system/libsystem_product_info_filter.dylib
0x000000001b4f8000 	/usr/lib/system/libsystem_sandbox.dylib
0x000000001b4f8000 	/usr/lib/system/libsystem_secinit.dylib
0x000000001b4f8000 	/usr/lib/system/libsystem_kernel.dylib
0x000000001b4f8000 	/usr/lib/system/libsystem_platform.dylib
0x000000001b4f8000 	/usr/lib/system/libsystem_pthread.dylib
0x000000001b4f8000 	/usr/lib/system/libsystem_symptoms.dylib
0x000000001b4f8000 	/usr/lib/system/libsystem_trace.dylib
0x000000001b4f8000 	/usr/lib/system/libunwind.dylib
0x000000001b4f8000 	/usr/lib/system/libxpc.dylib
0x000000001b4f8000 	/usr/lib/libc++abi.dylib
0x000000001b4f8000 	/usr/lib/liboah.dylib
0x000000001b4f8000 	/usr/lib/liblzma.5.dylib
0x000000001b4f8000 	/System/Library/Frameworks/SystemConfiguration.framework/Versions/A/SystemConfiguration
0x000000001b4f8000 	/usr/lib/libfakelink.dylib
0x000000001b4f8000 	/System/Library/Frameworks/CFNetwork.framework/Versions/A/CFNetwork
0x000000001b4f8000 	/usr/lib/libarchive.2.dylib
0x000000001b4f8000 	/System/Library/PrivateFrameworks/AppleSystemInfo.framework/Versions/A/AppleSystemInfo
0x000000001b4f8000 	/usr/lib/libbsm.0.dylib
0x000000001b4f8000 	/usr/lib/libnetwork.dylib
0x000000001b4f8000 	/usr/lib/system/libkxld.dylib
0x000000001b4f8000 	/System/Library/PrivateFrameworks/IOMobileFramebuffer.framework/Versions/A/IOMobileFramebuffer
0x000000001b4f8000 	/usr/lib/libCoreEntitlements.dylib
0x000000001b4f8000 	/System/Library/PrivateFrameworks/AppleFSCompression.framework/Versions/A/AppleFSCompression
0x000000001b4f8000 	/usr/lib/libcoretls.dylib
0x000000001b4f8000 	/usr/lib/libcoretls_cfhelpers.dylib
0x000000001b4f8000 	/usr/lib/libpam.2.dylib
0x000000001b4f8000 	/usr/lib/libsqlite3.dylib
0x000000001b4f8000 	/usr/lib/libxar.1.dylib
0x000000001b4f8000 	/usr/lib/libbz2.1.0.dylib
0x000000001b4f8000 	/usr/lib/libpcap.A.dylib
0x000000001b4f8000 	/usr/lib/libdns_services.dylib
0x000000001b4f8000 	/usr/lib/libapple_nghttp2.dylib
0x000000001b4f8000 	/usr/lib/libiconv.2.dylib
0x000000001b4f8000 	/usr/lib/libcharset.1.dylib
0x000000001b4f8000 	/System/Library/Frameworks/CoreServices.framework/Versions/A/Frameworks/FSEvents.framework/Versions/A/FSEvents
0x000000001b4f8000 	/System/Library/Frameworks/CoreServices.framework/Versions/A/Frameworks/CarbonCore.framework/Versions/A/CarbonCore
0x000000001b4f8000 	/System/Library/Frameworks/CoreServices.framework/Versions/A/Frameworks/Metadata.framework/Versions/A/Metadata
0x000000001b4f8000 	/System/Library/Frameworks/CoreServices.framework/Versions/A/Frameworks/OSServices.framework/Versions/A/OSServices
0x000000001b4f8000 	/System/Library/Frameworks/CoreServices.framework/Versions/A/Frameworks/SearchKit.framework/Versions/A/SearchKit
0x000000001b4f8000 	/System/Library/Frameworks/CoreServices.framework/Versions/A/Frameworks/AE.framework/Versions/A/AE
0x000000001b4f8000 	/System/Library/Frameworks/CoreServices.framework/Versions/A/Frameworks/LaunchServices.framework/Versions/A/LaunchServices
0x000000001b4f8000 	/System/Library/Frameworks/CoreServices.framework/Versions/A/Frameworks/DictionaryServices.framework/Versions/A/DictionaryServices
0x000000001b4f8000 	/System/Library/Frameworks/CoreServices.framework/Versions/A/Frameworks/SharedFileList.framework/Versions/A/SharedFileList
0x000000001b4f8000 	/usr/lib/libCheckFix.dylib
0x000000001b4f8000 	/System/Library/PrivateFrameworks/TCC.framework/Versions/A/TCC
0x000000001b4f8000 	/System/Library/PrivateFrameworks/CoreNLP.framework/Versions/A/CoreNLP
0x000000001b4f8000 	/System/Library/PrivateFrameworks/MetadataUtilities.framework/Versions/A/MetadataUtilities
0x000000001b4f8000 	/usr/lib/libmecabra.dylib
0x000000001b4f8000 	/usr/lib/libmecab.dylib
0x000000001b4f8000 	/usr/lib/libCRFSuite.dylib
0x000000001b4f8000 	/usr/lib/libgermantok.dylib
0x000000001b4f8000 	/usr/lib/libThaiTokenizer.dylib
0x000000001b4f8000 	/System/Library/Frameworks/Accelerate.framework/Versions/A/Frameworks/vImage.framework/Versions/A/vImage
0x000000001b4f8000 	/System/Library/Frameworks/Accelerate.framework/Versions/A/Frameworks/vecLib.framework/Versions/A/vecLib
0x000000001b4f8000 	/System/Library/Frameworks/Accelerate.framework/Versions/A/Frameworks/vecLib.framework/Versions/A/libvMisc.dylib
0x000000001b4f8000 	/System/Library/Frameworks/Accelerate.framework/Versions/A/Frameworks/vecLib.framework/Versions/A/libvDSP.dylib
0x000000001b4f8000 	/System/Library/Frameworks/Accelerate.framework/Versions/A/Frameworks/vecLib.framework/Versions/A/libBLAS.dylib
0x000000001b4f8000 	/System/Library/Frameworks/Accelerate.framework/Versions/A/Frameworks/vecLib.framework/Versions/A/libLAPACK.dylib
0x000000001b4f8000 	/System/Library/Frameworks/Accelerate.framework/Versions/A/Frameworks/vecLib.framework/Versions/A/libLinearAlgebra.dylib
0x000000001b4f8000 	/System/Library/Frameworks/Accelerate.framework/Versions/A/Frameworks/vecLib.framework/Versions/A/libSparseBLAS.dylib
0x000000001b4f8000 	/System/Library/Frameworks/Accelerate.framework/Versions/A/Frameworks/vecLib.framework/Versions/A/libQuadrature.dylib
0x000000001b4f8000 	/System/Library/Frameworks/Accelerate.framework/Versions/A/Frameworks/vecLib.framework/Versions/A/libBNNS.dylib
0x000000001b4f8000 	/System/Library/Frameworks/Accelerate.framework/Versions/A/Frameworks/vecLib.framework/Versions/A/libSparse.dylib
0x000000001b4f8000 	/System/Library/PrivateFrameworks/LinguisticData.framework/Versions/A/LinguisticData
0x000000001b4f8000 	/System/Library/PrivateFrameworks/Lexicon.framework/Versions/A/Lexicon
0x000000001b4f8000 	/usr/lib/libChineseTokenizer.dylib
0x000000001b4f8000 	/System/Library/PrivateFrameworks/LanguageModeling.framework/Versions/A/LanguageModeling
0x000000001b4f8000 	/System/Library/PrivateFrameworks/AppleSauce.framework/Versions/A/AppleSauce
0x000000001b4f8000 	/System/Library/PrivateFrameworks/CoreEmoji.framework/Versions/A/CoreEmoji
0x000000001b4f8000 	/usr/lib/libcmph.dylib
0x000000001b4f8000 	/System/Library/Frameworks/OpenDirectory.framework/Versions/A/Frameworks/CFOpenDirectory.framework/Versions/A/CFOpenDirectory
0x000000001b4f8000 	/System/Library/Frameworks/OpenDirectory.framework/Versions/A/OpenDirectory
0x000000001b4f8000 	/System/Library/PrivateFrameworks/APFS.framework/Versions/A/APFS
0x000000001b4f8000 	/System/Library/Frameworks/SecurityFoundation.framework/Versions/A/SecurityFoundation
0x000000001b4f8000 	/usr/lib/libutil.dylib
0x000000001b4f8000 	/System/Library/PrivateFrameworks/CoreServicesStore.framework/Versions/A/CoreServicesStore
0x000000001b4f8000 	/usr/lib/libxslt.1.dylib
0x000000001b4f8000 	/System/Library/PrivateFrameworks/BackgroundTaskManagement.framework/Versions/A/BackgroundTaskManagement
0x000000001b4f8000 	/System/Library/Frameworks/ImageIO.framework/Versions/A/Resources/libRadiance.dylib
0x000000001b4f8000 	/System/Library/Frameworks/ImageIO.framework/Versions/A/Resources/libJPEG.dylib
0x000000001b4f8000 	/System/Library/Frameworks/ImageIO.framework/Versions/A/Resources/libPng.dylib
0x000000001b4f8000 	/System/Library/Frameworks/ImageIO.framework/Versions/A/Resources/libTIFF.dylib
0x000000001b4f8000 	/System/Library/Frameworks/ImageIO.framework/Versions/A/Resources/libGIF.dylib
0x000000001b4f8000 	/System/Library/Frameworks/ImageIO.framework/Versions/A/Resources/libJP2.dylib
0x000000001b4f8000 	/usr/lib/libexpat.1.dylib
0x000000001b4f8000 	/System/Library/PrivateFrameworks/AppleJPEG.framework/Versions/A/AppleJPEG
0x000000001b4f8000 	/System/Library/PrivateFrameworks/FontServices.framework/libFontParser.dylib
0x000000001b4f8000 	/System/Library/PrivateFrameworks/RunningBoardServices.framework/Versions/A/RunningBoardServices
0x000000001b4f8000 	/System/Library/PrivateFrameworks/IOSurfaceAccelerator.framework/Versions/A/IOSurfaceAccelerator
0x000000001b4f8000 	/System/Library/PrivateFrameworks/WatchdogClient.framework/Versions/A/WatchdogClient
0x000000001b4f8000 	/System/Library/Frameworks/CoreDisplay.framework/Versions/A/CoreDisplay
0x000000001b4f8000 	/System/Library/Frameworks/CoreMedia.framework/Versions/A/CoreMedia
0x000000001b4f8000 	/System/Library/PrivateFrameworks/IOAccelerator.framework/Versions/A/IOAccelerator
0x000000001b4f8000 	/System/Library/Frameworks/CoreVideo.framework/Versions/A/CoreVideo
0x000000001b4f8000 	/System/Library/Frameworks/MetalPerformanceShaders.framework/Versions/A/MetalPerformanceShaders
0x000000001b4f8000 	/System/Library/Frameworks/VideoToolbox.framework/Versions/A/VideoToolbox
0x000000001b4f8000 	/System/Library/PrivateFrameworks/BaseBoard.framework/Versions/A/BaseBoard
0x000000001b4f8000 	/System/Library/PrivateFrameworks/ProtocolBuffer.framework/Versions/A/ProtocolBuffer
0x000000001b4f8000 	/System/Library/PrivateFrameworks/GPUWrangler.framework/Versions/A/GPUWrangler
0x000000001b4f8000 	/System/Library/PrivateFrameworks/IOPresentment.framework/Versions/A/IOPresentment
0x000000001b4f8000 	/System/Library/PrivateFrameworks/DSExternalDisplay.framework/Versions/A/DSExternalDisplay
0x000000001b4f8000 	/System/Library/Frameworks/OpenGL.framework/Versions/A/Libraries/libCoreFSCache.dylib
0x000000001b4f8000 	/System/Library/PrivateFrameworks/GPUCompiler.framework/Versions/31001/Libraries/libGPUCompilerUtils.dylib
0x000000001b4f8000 	/System/Library/PrivateFrameworks/CMCaptureCore.framework/Versions/A/CMCaptureCore
0x000000001b4f8000 	/System/Library/PrivateFrameworks/AppServerSupport.framework/Versions/A/AppServerSupport
0x000000001b4f8000 	/System/Library/PrivateFrameworks/perfdata.framework/Versions/A/perfdata
0x000000001b4f8000 	/System/Library/PrivateFrameworks/AudioToolboxCore.framework/Versions/A/AudioToolboxCore
0x000000001b4f8000 	/System/Library/PrivateFrameworks/caulk.framework/Versions/A/caulk
0x000000001b4f8000 	/usr/lib/libAudioStatistics.dylib
0x000000001b4f8000 	/System/Library/PrivateFrameworks/SystemPolicy.framework/Versions/A/SystemPolicy
0x000000001b4f8000 	/usr/lib/libSMC.dylib
0x000000001b4f8000 	/System/Library/Frameworks/CoreMIDI.framework/Versions/A/CoreMIDI
0x000000001b4f8000 	/usr/lib/libAudioToolboxUtility.dylib
0x000000001b4f8000 	/System/Library/PrivateFrameworks/OSAServicesClient.framework/Versions/A/OSAServicesClient
0x000000001b4f8000 	/usr/lib/libperfcheck.dylib
0x000000001b4f8000 	/usr/lib/libmis.dylib
0x000000001b4f8000 	/System/Library/Frameworks/OpenGL.framework/Versions/A/Libraries/libGLU.dylib
0x000000001b4f8000 	/System/Library/Frameworks/OpenGL.framework/Versions/A/Libraries/libGFXShared.dylib
0x000000001b4f8000 	/System/Library/Frameworks/OpenGL.framework/Versions/A/Libraries/libGL.dylib
0x000000001b4f8000 	/System/Library/Frameworks/OpenGL.framework/Versions/A/Libraries/libGLImage.dylib
0x000000001b4f8000 	/System/Library/Frameworks/OpenGL.framework/Versions/A/Libraries/libCVMSPluginSupport.dylib
0x000000001b4f8000 	/System/Library/Frameworks/OpenGL.framework/Versions/A/Libraries/libCoreVMClient.dylib
0x000000001b4f8000 	/System/Library/Frameworks/MetalPerformanceShaders.framework/Versions/A/Frameworks/MPSCore.framework/Versions/A/MPSCore
0x000000001b4f8000 	/System/Library/Frameworks/MetalPerformanceShaders.framework/Versions/A/Frameworks/MPSImage.framework/Versions/A/MPSImage
0x000000001b4f8000 	/System/Library/Frameworks/MetalPerformanceShaders.framework/Versions/A/Frameworks/MPSNeuralNetwork.framework/Versions/A/MPSNeuralNetwork
0x000000001b4f8000 	/System/Library/Frameworks/MetalPerformanceShaders.framework/Versions/A/Frameworks/MPSMatrix.framework/Versions/A/MPSMatrix
0x000000001b4f8000 	/System/Library/Frameworks/MetalPerformanceShaders.framework/Versions/A/Frameworks/MPSRayIntersector.framework/Versions/A/MPSRayIntersector
0x000000001b4f8000 	/System/Library/Frameworks/MetalPerformanceShaders.framework/Versions/A/Frameworks/MPSNDArray.framework/Versions/A/MPSNDArray
0x000000001b4f8000 	/System/Library/Frameworks/MetalPerformanceShaders.framework/Versions/A/Frameworks/MPSFunctions.framework/Versions/A/MPSFunctions
0x000000001b4f8000 	/System/Library/PrivateFrameworks/MetalTools.framework/Versions/A/MetalTools
0x000000001b4f8000 	/System/Library/PrivateFrameworks/AggregateDictionary.framework/Versions/A/AggregateDictionary
0x000000001b4f8000 	/usr/lib/libIOReport.dylib
0x000000001b4f8000 	/System/Library/Frameworks/OpenCL.framework/Versions/A/OpenCL
0x000000001b4f8000 	/System/Library/PrivateFrameworks/FaceCore.framework/Versions/A/FaceCore
0x000000001b4f8000 	/System/Library/PrivateFrameworks/GraphVisualizer.framework/Versions/A/GraphVisualizer
0x000000001b4f8000 	/System/Library/PrivateFrameworks/FontServices.framework/Versions/A/FontServices
0x000000001b4f8000 	/System/Library/PrivateFrameworks/OTSVG.framework/Versions/A/OTSVG
0x000000001b4f8000 	/System/Library/Frameworks/ApplicationServices.framework/Versions/A/Frameworks/ATS.framework/Versions/A/Resources/libFontRegistry.dylib
0x000000001b4f8000 	/System/Library/PrivateFrameworks/FontServices.framework/libhvf.dylib
0x000000001b4f8000 	/System/Library/PrivateFrameworks/FontServices.framework/libXTFontStaticRegistryData.dylib
0x000000001b4f8000 	/System/Library/PrivateFrameworks/AppleVA.framework/Versions/A/AppleVA
0x000000001b4f8000 	/System/Library/Frameworks/ApplicationServices.framework/Versions/A/Frameworks/ATS.framework/Versions/A/ATS
0x000000001b4f8000 	/System/Library/Frameworks/ApplicationServices.framework/Versions/A/Frameworks/HIServices.framework/Versions/A/HIServices
0x000000001b4f8000 	/System/Library/Frameworks/ApplicationServices.framework/Versions/A/Frameworks/PrintCore.framework/Versions/A/PrintCore
0x000000001b4f8000 	/System/Library/Frameworks/ApplicationServices.framework/Versions/A/Frameworks/QD.framework/Versions/A/QD
0x000000001b4f8000 	/System/Library/Frameworks/ApplicationServices.framework/Versions/A/Frameworks/ColorSyncLegacy.framework/Versions/A/ColorSyncLegacy
0x000000001b4f8000 	/System/Library/Frameworks/ApplicationServices.framework/Versions/A/Frameworks/SpeechSynthesis.framework/Versions/A/SpeechSynthesis
0x000000001b4f8000 	/System/Library/Frameworks/ApplicationServices.framework/Versions/A/Frameworks/ATSUI.framework/Versions/A/ATSUI
0x000000001b4f8000 	/usr/lib/libcups.2.dylib
0x000000001b4f8000 	/System/Library/Frameworks/Kerberos.framework/Versions/A/Kerberos
0x000000001b4f8000 	/System/Library/Frameworks/GSS.framework/Versions/A/GSS
0x000000001b4f8000 	/usr/lib/libresolv.9.dylib
0x000000001b4f8000 	/System/Library/PrivateFrameworks/Heimdal.framework/Versions/A/Heimdal
0x000000001b4f8000 	/System/Library/Frameworks/Kerberos.framework/Versions/A/Libraries/libHeimdalProxy.dylib
0x000000001b4f8000 	/System/Library/Frameworks/Network.framework/Versions/A/Network
0x000000001b4f8000 	/usr/lib/libheimdal-asn1.dylib
0x000000001b4f8000 	/System/Library/PrivateFrameworks/CommonAuth.framework/Versions/A/CommonAuth
0x000000001b4f8000 	/System/Library/PrivateFrameworks/AudioSession.framework/Versions/A/AudioSession
0x000000001b4f8000 	/System/Library/PrivateFrameworks/MediaExperience.framework/Versions/A/MediaExperience
0x000000001b4f8000 	/System/Library/PrivateFrameworks/AudioSession.framework/libSessionUtility.dylib
0x000000001b4f8000 	/System/Library/PrivateFrameworks/AudioResourceArbitration.framework/Versions/A/AudioResourceArbitration
0x000000001b4f8000 	/System/Library/PrivateFrameworks/PowerLog.framework/Versions/A/PowerLog
0x000000001b4f8000 	/System/Library/PrivateFrameworks/IconFoundation.framework/Versions/A/IconFoundation
0x000000001b4f8000 	/System/Library/PrivateFrameworks/SpeechRecognitionCore.framework/Versions/A/SpeechRecognitionCore
0x000000010be36000 	/Library/Java/JavaVirtualMachines/jdk-1.8.0_102.jdk/Contents/Home/jre/lib/server/libjvm.dylib
0x000000001b4f8000 	/usr/lib/libstdc++.6.dylib
0x000000010aee2000 	/Library/Java/JavaVirtualMachines/jdk-1.8.0_102.jdk/Contents/Home/jre/lib/libverify.dylib
0x000000010af36000 	/Library/Java/JavaVirtualMachines/jdk-1.8.0_102.jdk/Contents/Home/jre/lib/libjava.dylib
0x000000010afaa000 	/Library/Java/JavaVirtualMachines/jdk-1.8.0_102.jdk/Contents/Home/jre/lib/libinstrument.dylib
0x000000010af12000 	/Library/Java/JavaVirtualMachines/jdk-1.8.0_102.jdk/Contents/Home/jre/lib/libzip.dylib
0x000000001b4f8000 	/System/Library/Frameworks/JavaRuntimeSupport.framework/Versions/A/JavaRuntimeSupport
0x000000001b4f8000 	/System/Library/Frameworks/Carbon.framework/Versions/A/Carbon
0x000000001b4f8000 	/System/Library/PrivateFrameworks/CoreSymbolication.framework/Versions/A/CoreSymbolication
0x000000001b4f8000 	/System/Library/Frameworks/Carbon.framework/Versions/A/Frameworks/CommonPanels.framework/Versions/A/CommonPanels
0x000000001b4f8000 	/System/Library/Frameworks/Carbon.framework/Versions/A/Frameworks/Help.framework/Versions/A/Help
0x000000001b4f8000 	/System/Library/Frameworks/Carbon.framework/Versions/A/Frameworks/ImageCapture.framework/Versions/A/ImageCapture
0x000000001b4f8000 	/System/Library/Frameworks/Carbon.framework/Versions/A/Frameworks/OpenScripting.framework/Versions/A/OpenScripting
0x000000001b4f8000 	/System/Library/Frameworks/Carbon.framework/Versions/A/Frameworks/Ink.framework/Versions/A/Ink
0x000000001b4f8000 	/System/Library/Frameworks/Carbon.framework/Versions/A/Frameworks/Print.framework/Versions/A/Print
0x000000001b4f8000 	/System/Library/Frameworks/Carbon.framework/Versions/A/Frameworks/SecurityHI.framework/Versions/A/SecurityHI
0x000000001b4f8000 	/System/Library/PrivateFrameworks/DebugSymbols.framework/Versions/A/DebugSymbols
0x000000012857f000 	/Library/Java/JavaVirtualMachines/jdk-1.8.0_102.jdk/Contents/Home/jre/lib/libnet.dylib
0x00000001286cb000 	/Library/Java/JavaVirtualMachines/jdk-1.8.0_102.jdk/Contents/Home/jre/lib/libmanagement.dylib
0x000000012872e000 	/Library/Java/JavaVirtualMachines/jdk-1.8.0_102.jdk/Contents/Home/jre/lib/libnio.dylib
0x0000000128cb8000 	/Library/Java/JavaVirtualMachines/jdk-1.8.0_102.jdk/Contents/Home/jre/lib/libawt.dylib
0x0000000128ed5000 	/Library/Java/JavaVirtualMachines/jdk-1.8.0_102.jdk/Contents/Home/jre/lib/libmlib_image.dylib
0x000000001b4f8000 	/System/Library/Frameworks/JavaNativeFoundation.framework/Versions/A/JavaNativeFoundation
0x000000012905d000 	/Library/Java/JavaVirtualMachines/jdk-1.8.0_102.jdk/Contents/Home/jre/lib/libawt_lwawt.dylib
0x0000000128c4e000 	/Library/Java/JavaVirtualMachines/jdk-1.8.0_102.jdk/Contents/Home/jre/lib/libosxapp.dylib
0x000000001b4f8000 	/System/Library/Frameworks/ExceptionHandling.framework/Versions/A/ExceptionHandling
0x000000001b4f8000 	/System/Library/PrivateFrameworks/CoreServicesInternal.framework/Versions/A/CoreServicesInternal
0x000000001b4f8000 	/System/Library/Frameworks/FileProvider.framework/Versions/A/FileProvider
0x000000001b4f8000 	/System/Library/Frameworks/Accounts.framework/Versions/A/Accounts
0x000000001b4f8000 	/System/Library/PrivateFrameworks/GenerationalStorage.framework/Versions/A/GenerationalStorage
0x000000001b4f8000 	/System/Library/PrivateFrameworks/SymptomDiagnosticReporter.framework/Versions/A/SymptomDiagnosticReporter
0x000000001b4f8000 	/System/Library/PrivateFrameworks/DesktopServicesPriv.framework/Versions/A/DesktopServicesPriv
0x000000001b4f8000 	/usr/lib/libsandbox.1.dylib
0x000000001b4f8000 	/System/Library/PrivateFrameworks/UserManagement.framework/Versions/A/UserManagement
0x000000001b4f8000 	/System/Library/PrivateFrameworks/NetAuth.framework/Versions/A/NetAuth
0x000000001b4f8000 	/System/Library/PrivateFrameworks/Sharing.framework/Versions/A/Sharing
0x000000001b4f8000 	/System/Library/PrivateFrameworks/login.framework/Versions/A/Frameworks/loginsupport.framework/Versions/A/loginsupport
0x000000001b4f8000 	/System/Library/PrivateFrameworks/Apple80211.framework/Versions/A/Apple80211
0x000000001b4f8000 	/System/Library/PrivateFrameworks/AuthKit.framework/Versions/A/AuthKit
0x000000001b4f8000 	/System/Library/PrivateFrameworks/CoreUtils.framework/Versions/A/CoreUtils
0x000000001b4f8000 	/System/Library/Frameworks/CoreWLAN.framework/Versions/A/CoreWLAN
0x000000001b4f8000 	/System/Library/Frameworks/IOBluetooth.framework/Versions/A/IOBluetooth
0x000000001b4f8000 	/System/Library/PrivateFrameworks/CoreWiFi.framework/Versions/A/CoreWiFi
0x000000001b4f8000 	/System/Library/PrivateFrameworks/FrontBoardServices.framework/Versions/A/FrontBoardServices
0x000000001b4f8000 	/System/Library/PrivateFrameworks/BoardServices.framework/Versions/A/BoardServices
0x000000001b4f8000 	/System/Library/PrivateFrameworks/AssertionServices.framework/Versions/A/AssertionServices
0x000000001b4f8000 	/System/Library/PrivateFrameworks/BackBoardServices.framework/Versions/A/BackBoardServices
0x000000001b4f8000 	/System/Library/PrivateFrameworks/CorePhoneNumbers.framework/Versions/A/CorePhoneNumbers
0x000000001b4f8000 	/System/Library/PrivateFrameworks/DiskManagement.framework/Versions/A/DiskManagement
0x000000001b4f8000 	/System/Library/PrivateFrameworks/AppleIDAuthSupport.framework/Versions/A/AppleIDAuthSupport
0x000000001b4f8000 	/System/Library/PrivateFrameworks/AAAFoundation.framework/Versions/A/AAAFoundation
0x000000001b4f8000 	/System/Library/PrivateFrameworks/KeychainCircle.framework/Versions/A/KeychainCircle
0x000000001b4f8000 	/System/Library/PrivateFrameworks/MediaKit.framework/Versions/A/MediaKit
0x000000001b4f8000 	/System/Library/Frameworks/DiscRecording.framework/Versions/A/DiscRecording
0x000000001b4f8000 	/usr/lib/libCoreStorage.dylib
0x000000001b4f8000 	/usr/lib/libcsfde.dylib
0x000000001b4f8000 	/System/Library/PrivateFrameworks/ProtectedCloudStorage.framework/Versions/A/ProtectedCloudStorage
0x000000001b4f8000 	/System/Library/PrivateFrameworks/EFILogin.framework/Versions/A/EFILogin
0x000000001b4f8000 	/System/Library/PrivateFrameworks/OctagonTrust.framework/Versions/A/OctagonTrust
0x000000001b4f8000 	/System/Library/PrivateFrameworks/CoreUtilsExtras.framework/Versions/A/CoreUtilsExtras
0x000000001b4f8000 	/System/Library/Frameworks/CoreBluetooth.framework/Versions/A/CoreBluetooth
0x000000001b4f8000 	/System/Library/Frameworks/AudioUnit.framework/Versions/A/AudioUnit
0x000000001b4f8000 	/usr/lib/libMatch.1.dylib
0x000000001b4f8000 	/System/Library/CoreServices/RawCamera.bundle/Contents/MacOS/RawCamera
0x000000001b4f8000 	/System/Library/PrivateFrameworks/MobileAsset.framework/Versions/A/MobileAsset
0x000000001b4f8000 	/System/Library/PrivateFrameworks/StreamingZip.framework/Versions/A/StreamingZip
0x000000001b4f8000 	/System/Library/PrivateFrameworks/CMPhoto.framework/Versions/A/CMPhoto
0x000000001b4f8000 	/System/Library/PrivateFrameworks/AppleVPA.framework/Versions/A/AppleVPA
0x000000001b4f8000 	/System/Library/Frameworks/MediaToolbox.framework/Versions/A/MediaToolbox
0x000000001b4f8000 	/System/Library/PrivateFrameworks/CoreAVCHD.framework/Versions/A/CoreAVCHD
0x000000001b4f8000 	/System/Library/Frameworks/MediaAccessibility.framework/Versions/A/MediaAccessibility
0x000000001b4f8000 	/System/Library/PrivateFrameworks/Mangrove.framework/Versions/A/Mangrove
0x000000001b4f8000 	/System/Library/PrivateFrameworks/AlgosScoreFramework.framework/Versions/A/AlgosScoreFramework
0x000000001b4f8000 	/System/Library/PrivateFrameworks/CoreAUC.framework/Versions/A/CoreAUC
0x000000001b4f8000 	/System/Library/Frameworks/Accelerate.framework/Versions/A/Frameworks/vImage.framework/Versions/A/Libraries/libCGInterfaces.dylib
0x000000012b133000 	/usr/lib/libobjc-trampolines.dylib
0x000000001b4f8000 	/System/Library/PrivateFrameworks/FamilyControls.framework/Versions/A/FamilyControls
0x000000001b4f8000 	/System/Library/PrivateFrameworks/CommerceKit.framework/Versions/A/Frameworks/CommerceCore.framework/Versions/A/CommerceCore
0x000000001b4f8000 	/System/Library/PrivateFrameworks/SystemAdministration.framework/Versions/A/SystemAdministration
0x000000001b4f8000 	/System/Library/PrivateFrameworks/AppContainer.framework/Versions/A/AppContainer
0x000000001b4f8000 	/System/Library/PrivateFrameworks/SecCodeWrapper.framework/Versions/A/SecCodeWrapper
0x000000001b4f8000 	/System/Library/PrivateFrameworks/CrashReporterSupport.framework/Versions/A/CrashReporterSupport
0x000000001b4f8000 	/System/Library/PrivateFrameworks/OSAnalytics.framework/Versions/A/OSAnalytics
0x000000001b4f8000 	/System/Library/PrivateFrameworks/Symbolication.framework/Versions/A/Symbolication
0x000000001b4f8000 	/System/Library/PrivateFrameworks/MallocStackLogging.framework/Versions/A/MallocStackLogging
0x000000001b4f8000 	/System/Library/PrivateFrameworks/login.framework/Versions/A/login
0x000000001b4f8000 	/System/Library/Frameworks/DirectoryService.framework/Versions/A/DirectoryService
0x000000001b4f8000 	/System/Library/PrivateFrameworks/DiskImages.framework/Versions/A/DiskImages
0x000000001b4f8000 	/System/Library/Frameworks/ServiceManagement.framework/Versions/A/ServiceManagement
0x000000001b4f8000 	/System/Library/PrivateFrameworks/LoginUIKit.framework/Versions/A/Frameworks/LoginUICore.framework/Versions/A/LoginUICore
0x000000001b4f8000 	/usr/lib/libodfde.dylib
0x000000001b4f8000 	/usr/lib/libcurl.4.dylib
0x000000001b4f8000 	/usr/lib/libcrypto.46.dylib
0x000000001b4f8000 	/usr/lib/libssl.48.dylib
0x000000001b4f8000 	/System/Library/Frameworks/LDAP.framework/Versions/A/LDAP
0x000000001b4f8000 	/System/Library/PrivateFrameworks/TrustEvaluationAgent.framework/Versions/A/TrustEvaluationAgent
0x000000001b4f8000 	/usr/lib/libsasl2.2.dylib
0x000000001b4f8000 	/System/Library/PrivateFrameworks/CoreDaemon.framework/Versions/B/CoreDaemon
0x000000001b4f8000 	/System/Library/PrivateFrameworks/AppleSRP.framework/Versions/A/AppleSRP
0x000000001b4f8000 	/System/Library/PrivateFrameworks/ViewBridge.framework/Versions/A/ViewBridge
0x000000001b4f8000 	/usr/lib/libRosetta.dylib
0x000000012cb2d000 	/Library/Java/JavaVirtualMachines/jdk-1.8.0_102.jdk/Contents/Home/jre/lib/libsunec.dylib
0x000000012e84f000 	/Library/Java/JavaVirtualMachines/jdk-1.8.0_102.jdk/Contents/Home/jre/lib/libfontmanager.dylib
0x000000012e9d6000 	/Users/jellylab/.gradle/caches/minecraft/net/minecraft/natives/1.8.9/liblwjgl.dylib
0x000000012e801000 	/Library/Java/JavaVirtualMachines/jdk-1.8.0_102.jdk/Contents/Home/jre/lib/libjawt.dylib
0x000000001b4f8000 	/System/Library/Frameworks/OpenGL.framework/Versions/A/Resources/GLEngine.bundle/GLEngine
0x000000001b4f8000 	/System/Library/Frameworks/OpenGL.framework/Versions/A/Libraries/libGLProgrammability.dylib
0x000000012f5a6000 	/System/Library/Extensions/AppleMetalOpenGLRenderer.bundle/Contents/MacOS/AppleMetalOpenGLRenderer
0x000000001b4f8000 	/System/Library/Frameworks/OpenGL.framework/Versions/A/Resources/GLRendererFloat.bundle/GLRendererFloat
0x000000001b4f8000 	/System/Library/Extensions/AGXMetalG13X.bundle/Contents/MacOS/AGXMetalG13X
0x000000001b4f8000 	/System/Library/PrivateFrameworks/GPURawCounter.framework/Versions/A/GPURawCounter
0x000000001b4f8000 	/System/Library/PrivateFrameworks/IOGPU.framework/Versions/A/IOGPU

VM Arguments:
jvm_args: -javaagent:/Applications/IntelliJ IDEA CE.app/Contents/lib/idea_rt.jar=65449:/Applications/IntelliJ IDEA CE.app/Contents/bin -Dfile.encoding=UTF-8 
java_command: GradleStart --mixin mixins.forager.json --tweakClass cc.polyfrost.oneconfig.loader.stage0.LaunchWrapperTweaker
java_class_path (initial): /Library/Java/JavaVirtualMachines/jdk-1.8.0_102.jdk/Contents/Home/jre/lib/charsets.jar:/Library/Java/JavaVirtualMachines/jdk-1.8.0_102.jdk/Contents/Home/jre/lib/deploy.jar:/Library/Java/JavaVirtualMachines/jdk-1.8.0_102.jdk/Contents/Home/jre/lib/ext/cldrdata.jar:/Library/Java/JavaVirtualMachines/jdk-1.8.0_102.jdk/Contents/Home/jre/lib/ext/dnsns.jar:/Library/Java/JavaVirtualMachines/jdk-1.8.0_102.jdk/Contents/Home/jre/lib/ext/jaccess.jar:/Library/Java/JavaVirtualMachines/jdk-1.8.0_102.jdk/Contents/Home/jre/lib/ext/jfxrt.jar:/Library/Java/JavaVirtualMachines/jdk-1.8.0_102.jdk/Contents/Home/jre/lib/ext/localedata.jar:/Library/Java/JavaVirtualMachines/jdk-1.8.0_102.jdk/Contents/Home/jre/lib/ext/nashorn.jar:/Library/Java/JavaVirtualMachines/jdk-1.8.0_102.jdk/Contents/Home/jre/lib/ext/sunec.jar:/Library/Java/JavaVirtualMachines/jdk-1.8.0_102.jdk/Contents/Home/jre/lib/ext/sunjce_provider.jar:/Library/Java/JavaVirtualMachines/jdk-1.8.0_102.jdk/Contents/Home/jre/lib/ext/sunpkcs11.jar:/Library/Java/JavaVirtualMachines/jdk-1.8.0_102.jdk/Contents/Home/jre/lib/ext/zipfs.jar:/Library/Java/JavaVirtualMachines/jdk-1.8.0_102.jdk/Contents/Home/jre/lib/javaws.jar:/Library/Java/JavaVirtualMachines/jdk-1.8.0_102.jdk/Contents/Home/jre/lib/jce.jar:/Library/Java/JavaVirtualMachines/jdk-1.8.0_102.jdk/Contents/Home/jre/lib/jfr.jar:/Library/Java/JavaVirtualMachines/jdk-1.8.0_102.jdk/Contents/Home/jre/lib/jfxswt.jar:/Library/Java/JavaVirtualMachines/jdk-1.8.0_102.jdk/Contents/Home/jre/lib/jsse.jar:/Library/Java/JavaVirtualMachines/jdk-1.8.0_102.jdk/Contents/Home/jre/lib/management-agent.jar:/Library/Java/JavaVirtualMachines/jdk-1.8.0_102.jdk/Contents/Home/jre/lib/plugin.jar:/Library/Java/JavaVirtualMachines/jdk-1.8.0_102.jdk/Contents/Home/jre/lib/resources.jar:/Library/Java/JavaVirtualMachines/jdk-1.8.0_102.jdk/Contents/Home/jre/lib/rt.jar:/Users/jellylab/Desktop/Forge Modding/NeuralTrainer/build/classes/java/main:/Users/jellylab/Desktop/Forge Modding/NeuralTrainer
Launcher Type: SUN_STANDARD

Environment Variables:
JAVA_HOME=/Library/Java/JavaVirtualMachines/jdk-1.8.0_102.jdk/Contents/Home
CLASSPATH=.:/Library/Java/JavaVirtualMachines/jdk-1.8.0_102.jdk/Contents/Home/lib/tools.jar
PATH=/Library/Java/JavaVirtualMachines/jdk1.8.0_102.jdk/Contents/Home/bin:/usr/local/bin:/usr/bin:/bin:/usr/sbin:/sbin:/opt/homebrew/bin:/opt/homebrew/bin:/opt/homebrew/bin
SHELL=/bin/zsh

Signal Handlers:
SIGSEGV: [libjvm.dylib+0x5b0579], sa_mask[0]=11111111111111111111111111111111, sa_flags=SA_ONSTACK|SA_RESTART|SA_SIGINFO
SIGBUS: [libjvm.dylib+0x5b0579], sa_mask[0]=11111111111111111111111111111111, sa_flags=SA_RESTART|SA_SIGINFO
SIGFPE: [libjvm.dylib+0x4874e4], sa_mask[0]=11111111111111111111111111111111, sa_flags=SA_RESTART|SA_SIGINFO
SIGPIPE: [libjvm.dylib+0x4874e4], sa_mask[0]=11111111111111111111111111111111, sa_flags=SA_RESTART|SA_SIGINFO
SIGXFSZ: [libjvm.dylib+0x4874e4], sa_mask[0]=11111111111111111111111111111111, sa_flags=SA_RESTART|SA_SIGINFO
SIGILL: [libjvm.dylib+0x4874e4], sa_mask[0]=11111111111111111111111111111111, sa_flags=SA_RESTART|SA_SIGINFO
SIGUSR1: SIG_DFL, sa_mask[0]=00000000000000000000000000000000, sa_flags=none
SIGUSR2: [libjvm.dylib+0x487002], sa_mask[0]=00100000000000000000000000000000, sa_flags=SA_RESTART|SA_SIGINFO
SIGHUP: [libjvm.dylib+0x4855d9], sa_mask[0]=11111111111111111111111111111111, sa_flags=SA_RESTART|SA_SIGINFO
SIGINT: [libjvm.dylib+0x4855d9], sa_mask[0]=11111111111111111111111111111111, sa_flags=SA_RESTART|SA_SIGINFO
SIGTERM: [libjvm.dylib+0x4855d9], sa_mask[0]=11111111111111111111111111111111, sa_flags=SA_RESTART|SA_SIGINFO
SIGQUIT: [libjvm.dylib+0x4855d9], sa_mask[0]=11111111111111111111111111111111, sa_flags=SA_RESTART|SA_SIGINFO


---------------  S Y S T E M  ---------------

OS:Bsduname:Darwin 21.4.0 Darwin Kernel Version 21.4.0: Mon Feb 21 20:35:58 PST 2022; root:xnu-8020.101.4~2/RELEASE_ARM64_T6000 x86_64
rlimit: STACK 8176k, CORE 0k, NPROC 2666, NOFILE 10240, AS infinity
load average:4.15 4.66 4.81

CPU:total 10 (1 cores per cpu, 1 threads per core) family 6 model 44 stepping 0, cmov, cx8, fxsr, mmx, sse, sse2, sse3, ssse3, sse4.1, sse4.2, popcnt, aes, clmul, tsc, tscinvbit, tscinv

Memory: 4k page, physical 16777216k(25156k free)

/proc/meminfo:


vm_info: Java HotSpot(TM) 64-Bit Server VM (25.102-b14) for bsd-amd64 JRE (1.8.0_102-b14), built on Jun 22 2016 11:42:36 by "java_re" with gcc 4.2.1 (Based on Apple Inc. build 5658) (LLVM build 2336.11.00)

time: Thu Apr 27 20:54:44 2023
elapsed time: 14 seconds (0d 0h 0m 14s)

